#
# A fatal error has been detected by the Java Runtime Environment:
#
#  EXCEPTION_ACCESS_VIOLATION (0xc0000005) at pc=0x000000005aac072f, pid=3200, tid=4600
#
# JRE version: Java(TM) SE Runtime Environment (8.0_45-b14) (build 1.8.0_45-b14)
# Java VM: Java HotSpot(TM) 64-Bit Server VM (25.45-b02 mixed mode windows-amd64 compressed oops)
# Problematic frame:
# C  [atio6axx.dll+0x15072f]
#
# Failed to write core dump. Minidumps are not enabled by default on client versions of Windows
#
# If you would like to submit a bug report, please visit:
#   http://bugreport.java.com/bugreport/crash.jsp
# The crash happened outside the Java Virtual Machine in native code.
# See problematic frame for where to report the bug.
#

---------------  T H R E A D  ---------------

Current thread (0x0000000059d78800):  JavaThread "AWT-EventQueue-0" [_thread_in_native, id=4600, stack(0x000000005db70000,0x000000005dc70000)]

siginfo: ExceptionCode=0xc0000005, reading address 0x0000000000000008

Registers:
RAX=0x0000000000000000, RBX=0x000000005dc6bf80, RCX=0x0000000000000012, RDX=0x0000000000000000
RSP=0x000000005dc6bec0, RBP=0x0000000060f88500, RSI=0x0000000000001405, RDI=0x000000005dc6bfb0
R8 =0x000000005dc6bfb0, R9 =0x0000000000000000, R10=0x0000000000000002, R11=0x0000000000000012
R12=0x0000000000000000, R13=0x000000005a39f7d0, R14=0x000000005dc6c138, R15=0x0000000000001405
RIP=0x000000005aac072f, EFLAGS=0x0000000000010246

Top of Stack: (sp=0x000000005dc6bec0)
0x000000005dc6bec0:   00000000610fcce0 000000005a39f7d0
0x000000005dc6bed0:   0000000060ce9560 000000005b391f6a
0x000000005dc6bee0:   0000000000000000 000000005ab3280c
0x000000005dc6bef0:   0000000000000012 0000000000000000
0x000000005dc6bf00:   00000000610fcce0 000000005cc21850
0x000000005dc6bf10:   00000000610fcce0 00000000610fcce0
0x000000005dc6bf20:   0000000000000004 000000005ab32d81
0x000000005dc6bf30:   0000000060faa668 0000000000000000
0x000000005dc6bf40:   0000000000000012 0000000000001405
0x000000005dc6bf50:   0000000000000000 000000005dc6bfb0
0x000000005dc6bf60:   000000005dc6bf80 000000005dc6c138
0x000000005dc6bf70:   0000000000000000 0000000000000000
0x000000005dc6bf80:   0000000000000000 000000005dc6c0e0
0x000000005dc6bf90:   0000000000000000 0000000000000004
0x000000005dc6bfa0:   00000000000085b5 000000005ada5abf
0x000000005dc6bfb0:   0000000000000000 0000000060f88500 

Instructions: (pc=0x000000005aac072f)
0x000000005aac070f:   cc 48 89 5c 24 08 57 48 83 ec 20 49 8b d9 49 8b
0x000000005aac071f:   f8 44 8b d9 4c 8b ca f6 c2 03 0f 85 e8 02 00 00
0x000000005aac072f:   f3 41 0f 6f 11 48 8b c2 41 ba 04 00 00 00 48 c1
0x000000005aac073f:   e8 02 49 8b cb 83 e0 03 4c 2b d0 49 2b ca 48 ff 


Register to memory mapping:

RAX=0x0000000000000000 is an unknown value
RBX=0x000000005dc6bf80 is pointing into the stack for thread: 0x0000000059d78800
RCX=0x0000000000000012 is an unknown value
RDX=0x0000000000000000 is an unknown value
RSP=0x000000005dc6bec0 is pointing into the stack for thread: 0x0000000059d78800
RBP=0x0000000060f88500 is an unknown value
RSI=0x0000000000001405 is an unknown value
RDI=0x000000005dc6bfb0 is pointing into the stack for thread: 0x0000000059d78800
R8 =0x000000005dc6bfb0 is pointing into the stack for thread: 0x0000000059d78800
R9 =0x0000000000000000 is an unknown value
R10=0x0000000000000002 is an unknown value
R11=0x0000000000000012 is an unknown value
R12=0x0000000000000000 is an unknown value
R13={method} {0x000000005a39f7d8} 'dispatch_glDrawElements1' '(IIIJJ)V' in 'jogamp/opengl/gl4/GL4bcImpl'
R14=0x000000005dc6c138 is pointing into the stack for thread: 0x0000000059d78800
R15=0x0000000000001405 is an unknown value


Stack: [0x000000005db70000,0x000000005dc70000],  sp=0x000000005dc6bec0,  free space=1007k
Native frames: (J=compiled Java code, j=interpreted, Vv=VM code, C=native code)
C  [atio6axx.dll+0x15072f]
C  [atio6axx.dll+0x1c280c]
C  [atio6axx.dll+0x1c2d81]
C  [atio6axx.dll+0x435abf]
C  0x00000000027b3874

Java frames: (J=compiled Java code, j=interpreted, Vv=VM code)
j  jogamp.opengl.gl4.GL4bcImpl.dispatch_glDrawElements1(IIIJJ)V+0
j  jogamp.opengl.gl4.GL4bcImpl.glDrawElements(IIIJ)V+53
j  imbacad.model.mesh.TextureMesh.draw(Lcom/jogamp/opengl/GL3;Limbacad/model/shader/Shader;)V+65
j  imbacad.model.DefaultRenderer.display(Lcom/jogamp/opengl/GLAutoDrawable;)V+418
j  jogamp.opengl.GLDrawableHelper.displayImpl(Lcom/jogamp/opengl/GLAutoDrawable;)V+81
j  jogamp.opengl.GLDrawableHelper.display(Lcom/jogamp/opengl/GLAutoDrawable;)V+2
j  com.jogamp.opengl.awt.GLJPanel$Updater.display(Lcom/jogamp/opengl/GLAutoDrawable;)V+200
j  com.jogamp.opengl.awt.GLJPanel$10.run()V+11
j  jogamp.opengl.GLDrawableHelper.invokeGLImpl(Lcom/jogamp/opengl/GLDrawable;Lcom/jogamp/opengl/GLContext;Ljava/lang/Runnable;Ljava/lang/Runnable;)V+203
j  jogamp.opengl.GLDrawableHelper.invokeGL(Lcom/jogamp/opengl/GLDrawable;Lcom/jogamp/opengl/GLContext;Ljava/lang/Runnable;Ljava/lang/Runnable;)V+72
j  com.jogamp.opengl.awt.GLJPanel$OffscreenBackend.doPaintComponent(Ljava/awt/Graphics;)V+29
j  com.jogamp.opengl.awt.GLJPanel.paintComponent(Ljava/awt/Graphics;)V+224
j  javax.swing.JComponent.paint(Ljava/awt/Graphics;)V+286
j  javax.swing.JComponent.paintChildren(Ljava/awt/Graphics;)V+501
j  javax.swing.JComponent.paint(Ljava/awt/Graphics;)V+318
j  javax.swing.JComponent.paintChildren(Ljava/awt/Graphics;)V+501
j  javax.swing.JComponent.paint(Ljava/awt/Graphics;)V+318
j  javax.swing.JComponent.paintChildren(Ljava/awt/Graphics;)V+501
j  javax.swing.JComponent.paint(Ljava/awt/Graphics;)V+318
j  javax.swing.JComponent.paintChildren(Ljava/awt/Graphics;)V+501
j  javax.swing.JComponent.paint(Ljava/awt/Graphics;)V+318
j  javax.swing.JLayeredPane.paint(Ljava/awt/Graphics;)V+73
j  javax.swing.JComponent.paintToOffscreen(Ljava/awt/Graphics;IIIIII)V+41
j  javax.swing.BufferStrategyPaintManager.paint(Ljavax/swing/JComponent;Ljavax/swing/JComponent;Ljava/awt/Graphics;IIII)Z+164
j  javax.swing.RepaintManager.paint(Ljavax/swing/JComponent;Ljavax/swing/JComponent;Ljava/awt/Graphics;IIII)V+51
j  javax.swing.JComponent._paintImmediately(IIII)V+683
j  javax.swing.JComponent.paintImmediately(IIII)V+138
j  javax.swing.RepaintManager$4.run()Ljava/lang/Void;+81
j  javax.swing.RepaintManager$4.run()Ljava/lang/Object;+1
v  ~StubRoutines::call_stub
j  java.security.AccessController.doPrivileged(Ljava/security/PrivilegedAction;Ljava/security/AccessControlContext;)Ljava/lang/Object;+0
j  java.security.ProtectionDomain$1.doIntersectionPrivilege(Ljava/security/PrivilegedAction;Ljava/security/AccessControlContext;Ljava/security/AccessControlContext;)Ljava/lang/Object;+28
j  javax.swing.RepaintManager.paintDirtyRegions(Ljava/util/Map;)V+154
j  javax.swing.RepaintManager.paintDirtyRegions()V+46
j  javax.swing.RepaintManager.prePaintDirtyRegions()V+73
j  javax.swing.RepaintManager.access$1300(Ljavax/swing/RepaintManager;)V+1
j  javax.swing.RepaintManager$ProcessingRunnable.run()V+37
j  java.awt.event.InvocationEvent.dispatch()V+47
j  java.awt.EventQueue.dispatchEventImpl(Ljava/awt/AWTEvent;Ljava/lang/Object;)V+21
j  java.awt.EventQueue.access$500(Ljava/awt/EventQueue;Ljava/awt/AWTEvent;Ljava/lang/Object;)V+3
j  java.awt.EventQueue$3.run()Ljava/lang/Void;+32
j  java.awt.EventQueue$3.run()Ljava/lang/Object;+1
v  ~StubRoutines::call_stub
j  java.security.AccessController.doPrivileged(Ljava/security/PrivilegedAction;Ljava/security/AccessControlContext;)Ljava/lang/Object;+0
j  java.security.ProtectionDomain$1.doIntersectionPrivilege(Ljava/security/PrivilegedAction;Ljava/security/AccessControlContext;Ljava/security/AccessControlContext;)Ljava/lang/Object;+28
j  java.awt.EventQueue.dispatchEvent(Ljava/awt/AWTEvent;)V+46
j  java.awt.EventDispatchThread.pumpOneEventForFilters(I)V+245
j  java.awt.EventDispatchThread.pumpEventsForFilter(ILjava/awt/Conditional;Ljava/awt/EventFilter;)V+35
j  java.awt.EventDispatchThread.pumpEventsForHierarchy(ILjava/awt/Conditional;Ljava/awt/Component;)V+11
j  java.awt.EventDispatchThread.pumpEvents(ILjava/awt/Conditional;)V+4
j  java.awt.EventDispatchThread.pumpEvents(Ljava/awt/Conditional;)V+3
j  java.awt.EventDispatchThread.run()V+9
v  ~StubRoutines::call_stub

---------------  P R O C E S S  ---------------

Java Threads: ( => current thread )
  0x0000000059d7a000 JavaThread "D3D Screen Updater" daemon [_thread_blocked, id=2532, stack(0x000000005fe10000,0x000000005ff10000)]
  0x0000000059d79800 JavaThread "DestroyJavaVM" [_thread_blocked, id=4776, stack(0x00000000023d0000,0x00000000024d0000)]
=>0x0000000059d78800 JavaThread "AWT-EventQueue-0" [_thread_in_native, id=4600, stack(0x000000005db70000,0x000000005dc70000)]
  0x0000000059d74000 JavaThread "Thread-5" [_thread_blocked, id=4896, stack(0x000000005d930000,0x000000005da30000)]
  0x000000005990c000 JavaThread "Thread-4" [_thread_blocked, id=1708, stack(0x0000000056610000,0x0000000056710000)]
  0x0000000055f31800 JavaThread "Thread-3" [_thread_blocked, id=4280, stack(0x000000005d7b0000,0x000000005d8b0000)]
  0x0000000055f2a000 JavaThread "Image Fetcher 1" daemon [_thread_blocked, id=3280, stack(0x000000005d640000,0x000000005d740000)]
  0x0000000055f6a000 JavaThread "Image Fetcher 0" daemon [_thread_blocked, id=3260, stack(0x000000005c3a0000,0x000000005c4a0000)]
  0x0000000055f66000 JavaThread "AWT-Shutdown" [_thread_blocked, id=4864, stack(0x000000005a4f0000,0x000000005a5f0000)]
  0x0000000059a8a800 JavaThread "main-SharedResourceRunner" daemon [_thread_blocked, id=3508, stack(0x000000005a870000,0x000000005a970000)]
  0x000000005610b800 JavaThread "AWT-Windows" daemon [_thread_in_native, id=360, stack(0x00000000568d0000,0x00000000569d0000)]
  0x0000000056107000 JavaThread "Java2D Disposer" daemon [_thread_blocked, id=1980, stack(0x00000000567a0000,0x00000000568a0000)]
  0x0000000055de4000 JavaThread "Service Thread" daemon [_thread_blocked, id=4948, stack(0x0000000056260000,0x0000000056360000)]
  0x0000000054d63800 JavaThread "C1 CompilerThread1" daemon [_thread_blocked, id=2536, stack(0x0000000055900000,0x0000000055a00000)]
  0x0000000054d49000 JavaThread "C2 CompilerThread0" daemon [_thread_in_native, id=4828, stack(0x0000000055b90000,0x0000000055c90000)]
  0x0000000054d47000 JavaThread "Attach Listener" daemon [_thread_blocked, id=2840, stack(0x0000000055cc0000,0x0000000055dc0000)]
  0x0000000054d45800 JavaThread "Signal Dispatcher" daemon [_thread_blocked, id=4740, stack(0x0000000055560000,0x0000000055660000)]
  0x0000000054cec000 JavaThread "Finalizer" daemon [_thread_blocked, id=3512, stack(0x0000000055a50000,0x0000000055b50000)]
  0x0000000054ce5000 JavaThread "Reference Handler" daemon [_thread_blocked, id=2864, stack(0x0000000055800000,0x0000000055900000)]

Other Threads:
  0x0000000054cdd000 VMThread [stack: 0x0000000055670000,0x0000000055770000] [id=4860]
  0x0000000055de6800 WatcherThread [stack: 0x00000000564d0000,0x00000000565d0000] [id=2732]

VM state:not at safepoint (normal execution)

VM Mutex/Monitor currently owned by a thread: None

Heap:
 PSYoungGen      total 35328K, used 12716K [0x00000000eb000000, 0x00000000ed500000, 0x0000000100000000)
  eden space 32768K, 31% used [0x00000000eb000000,0x00000000eb9f31c8,0x00000000ed000000)
  from space 2560K, 98% used [0x00000000ed280000,0x00000000ed4f8010,0x00000000ed500000)
  to   space 2560K, 0% used [0x00000000ed000000,0x00000000ed000000,0x00000000ed280000)
 ParOldGen       total 44032K, used 4756K [0x00000000c1000000, 0x00000000c3b00000, 0x00000000eb000000)
  object space 44032K, 10% used [0x00000000c1000000,0x00000000c14a53d0,0x00000000c3b00000)
 Metaspace       used 17640K, capacity 17838K, committed 18176K, reserved 1064960K
  class space    used 1931K, capacity 1993K, committed 2048K, reserved 1048576K

Card table byte_map: [0x0000000011b60000,0x0000000011d60000] byte_map_base: 0x0000000011558000

Marking Bits: (ParMarkBitMap*) 0x000000006a824040
 Begin Bits: [0x0000000012230000, 0x00000000131f0000)
 End Bits:   [0x00000000131f0000, 0x00000000141b0000)

Polling page: 0x0000000000120000

CodeCache: size=245760Kb used=4700Kb max_used=4723Kb free=241059Kb
 bounds [0x00000000027a0000, 0x0000000002c40000, 0x00000000117a0000]
 total_blobs=2222 nmethods=1351 adapters=785
 compilation: enabled

Compilation events (10 events):
Event: 9.448 Thread 0x0000000054d63800 1371       2       sun.nio.cs.SingleByte$Encoder::encodeLoop (28 bytes)
Event: 9.448 Thread 0x0000000054d63800 nmethod 1371 0x0000000002c21790 code [0x0000000002c21900, 0x0000000002c21b18]
Event: 9.448 Thread 0x0000000054d63800 1372       2       java.io.OutputStreamWriter::flushBuffer (8 bytes)
Event: 9.449 Thread 0x0000000054d63800 nmethod 1372 0x0000000002c21c10 code [0x0000000002c21d80, 0x0000000002c21ee8]
Event: 9.449 Thread 0x0000000054d63800 1373       2       sun.nio.cs.StreamEncoder::implFlushBuffer (15 bytes)
Event: 9.449 Thread 0x0000000054d63800 nmethod 1373 0x0000000002c21f90 code [0x0000000002c22100, 0x0000000002c22288]
Event: 9.449 Thread 0x0000000054d63800 1374   !   2       java.io.PrintStream::write (69 bytes)
Event: 9.450 Thread 0x0000000054d63800 nmethod 1374 0x0000000002c22350 code [0x0000000002c22500, 0x0000000002c22998]
Event: 9.452 Thread 0x0000000054d63800 1375       2       java.lang.String::valueOf (14 bytes)
Event: 9.452 Thread 0x0000000054d63800 nmethod 1375 0x0000000002c22cd0 code [0x0000000002c22e40, 0x0000000002c22fa8]

GC Heap History (8 events):
Event: 3.491 GC heap before
{Heap before GC invocations=1 (full 0):
 PSYoungGen      total 18944K, used 16384K [0x00000000eb000000, 0x00000000ec500000, 0x0000000100000000)
  eden space 16384K, 100% used [0x00000000eb000000,0x00000000ec000000,0x00000000ec000000)
  from space 2560K, 0% used [0x00000000ec280000,0x00000000ec280000,0x00000000ec500000)
  to   space 2560K, 0% used [0x00000000ec000000,0x00000000ec000000,0x00000000ec280000)
 ParOldGen       total 44032K, used 0K [0x00000000c1000000, 0x00000000c3b00000, 0x00000000eb000000)
  object space 44032K, 0% used [0x00000000c1000000,0x00000000c1000000,0x00000000c3b00000)
 Metaspace       used 12969K, capacity 13246K, committed 13568K, reserved 1060864K
  class space    used 1333K, capacity 1409K, committed 1536K, reserved 1048576K
Event: 3.509 GC heap after
Heap after GC invocations=1 (full 0):
 PSYoungGen      total 18944K, used 2533K [0x00000000eb000000, 0x00000000ec500000, 0x0000000100000000)
  eden space 16384K, 0% used [0x00000000eb000000,0x00000000eb000000,0x00000000ec000000)
  from space 2560K, 98% used [0x00000000ec000000,0x00000000ec279480,0x00000000ec280000)
  to   space 2560K, 0% used [0x00000000ec280000,0x00000000ec280000,0x00000000ec500000)
 ParOldGen       total 44032K, used 809K [0x00000000c1000000, 0x00000000c3b00000, 0x00000000eb000000)
  object space 44032K, 1% used [0x00000000c1000000,0x00000000c10ca648,0x00000000c3b00000)
 Metaspace       used 12969K, capacity 13246K, committed 13568K, reserved 1060864K
  class space    used 1333K, capacity 1409K, committed 1536K, reserved 1048576K
}
Event: 4.840 GC heap before
{Heap before GC invocations=2 (full 0):
 PSYoungGen      total 18944K, used 18917K [0x00000000eb000000, 0x00000000ec500000, 0x0000000100000000)
  eden space 16384K, 100% used [0x00000000eb000000,0x00000000ec000000,0x00000000ec000000)
  from space 2560K, 98% used [0x00000000ec000000,0x00000000ec279480,0x00000000ec280000)
  to   space 2560K, 0% used [0x00000000ec280000,0x00000000ec280000,0x00000000ec500000)
 ParOldGen       total 44032K, used 809K [0x00000000c1000000, 0x00000000c3b00000, 0x00000000eb000000)
  object space 44032K, 1% used [0x00000000c1000000,0x00000000c10ca648,0x00000000c3b00000)
 Metaspace       used 13193K, capacity 13374K, committed 13568K, reserved 1060864K
  class space    used 1353K, capacity 1409K, committed 1536K, reserved 1048576K
Event: 4.867 GC heap after
Heap after GC invocations=2 (full 0):
 PSYoungGen      total 18944K, used 2546K [0x00000000eb000000, 0x00000000ed500000, 0x0000000100000000)
  eden space 16384K, 0% used [0x00000000eb000000,0x00000000eb000000,0x00000000ec000000)
  from space 2560K, 99% used [0x00000000ec280000,0x00000000ec4fca90,0x00000000ec500000)
  to   space 2560K, 0% used [0x00000000ec000000,0x00000000ec000000,0x00000000ec280000)
 ParOldGen       total 44032K, used 1874K [0x00000000c1000000, 0x00000000c3b00000, 0x00000000eb000000)
  object space 44032K, 4% used [0x00000000c1000000,0x00000000c11d49e8,0x00000000c3b00000)
 Metaspace       used 13193K, capacity 13374K, committed 13568K, reserved 1060864K
  class space    used 1353K, capacity 1409K, committed 1536K, reserved 1048576K
}
Event: 6.589 GC heap before
{Heap before GC invocations=3 (full 0):
 PSYoungGen      total 18944K, used 18930K [0x00000000eb000000, 0x00000000ed500000, 0x0000000100000000)
  eden space 16384K, 100% used [0x00000000eb000000,0x00000000ec000000,0x00000000ec000000)
  from space 2560K, 99% used [0x00000000ec280000,0x00000000ec4fca90,0x00000000ec500000)
  to   space 2560K, 0% used [0x00000000ec000000,0x00000000ec000000,0x00000000ec280000)
 ParOldGen       total 44032K, used 1874K [0x00000000c1000000, 0x00000000c3b00000, 0x00000000eb000000)
  object space 44032K, 4% used [0x00000000c1000000,0x00000000c11d49e8,0x00000000c3b00000)
 Metaspace       used 15975K, capacity 16232K, committed 16512K, reserved 1064960K
  class space    used 1759K, capacity 1864K, committed 1920K, reserved 1048576K
Event: 6.605 GC heap after
Heap after GC invocations=3 (full 0):
 PSYoungGen      total 18944K, used 2546K [0x00000000eb000000, 0x00000000ed500000, 0x0000000100000000)
  eden space 16384K, 0% used [0x00000000eb000000,0x00000000eb000000,0x00000000ec000000)
  from space 2560K, 99% used [0x00000000ec000000,0x00000000ec27ca90,0x00000000ec280000)
  to   space 2560K, 0% used [0x00000000ed280000,0x00000000ed280000,0x00000000ed500000)
 ParOldGen       total 44032K, used 2517K [0x00000000c1000000, 0x00000000c3b00000, 0x00000000eb000000)
  object space 44032K, 5% used [0x00000000c1000000,0x00000000c1275588,0x00000000c3b00000)
 Metaspace       used 15975K, capacity 16232K, committed 16512K, reserved 1064960K
  class space    used 1759K, capacity 1864K, committed 1920K, reserved 1048576K
}
Event: 7.804 GC heap before
{Heap before GC invocations=4 (full 0):
 PSYoungGen      total 18944K, used 18930K [0x00000000eb000000, 0x00000000ed500000, 0x0000000100000000)
  eden space 16384K, 100% used [0x00000000eb000000,0x00000000ec000000,0x00000000ec000000)
  from space 2560K, 99% used [0x00000000ec000000,0x00000000ec27ca90,0x00000000ec280000)
  to   space 2560K, 0% used [0x00000000ed280000,0x00000000ed280000,0x00000000ed500000)
 ParOldGen       total 44032K, used 2517K [0x00000000c1000000, 0x00000000c3b00000, 0x00000000eb000000)
  object space 44032K, 5% used [0x00000000c1000000,0x00000000c1275588,0x00000000c3b00000)
 Metaspace       used 16243K, capacity 16488K, committed 16768K, reserved 1064960K
  class space    used 1774K, capacity 1864K, committed 1920K, reserved 1048576K
Event: 7.846 GC heap after
Heap after GC invocations=4 (full 0):
 PSYoungGen      total 35328K, used 2528K [0x00000000eb000000, 0x00000000ed500000, 0x0000000100000000)
  eden space 32768K, 0% used [0x00000000eb000000,0x00000000eb000000,0x00000000ed000000)
  from space 2560K, 98% used [0x00000000ed280000,0x00000000ed4f8010,0x00000000ed500000)
  to   space 2560K, 0% used [0x00000000ed000000,0x00000000ed000000,0x00000000ed280000)
 ParOldGen       total 44032K, used 4756K [0x00000000c1000000, 0x00000000c3b00000, 0x00000000eb000000)
  object space 44032K, 10% used [0x00000000c1000000,0x00000000c14a53d0,0x00000000c3b00000)
 Metaspace       used 16243K, capacity 16488K, committed 16768K, reserved 1064960K
  class space    used 1774K, capacity 1864K, committed 1920K, reserved 1048576K
}

Deoptimization events (10 events):
Event: 0.977 Thread 0x0000000001dfe000 Uncommon trap: reason=unstable_if action=reinterpret pc=0x00000000029649b8 method=java.lang.String.indexOf([CII[CIII)I @ 3
Event: 6.111 Thread 0x0000000059a8a800 Uncommon trap: reason=unstable_if action=reinterpret pc=0x0000000002a60f88 method=java.lang.Class.searchFields([Ljava/lang/reflect/Field;Ljava/lang/String;)Ljava/lang/reflect/Field; @ 20
Event: 6.268 Thread 0x0000000001dfe000 Uncommon trap: reason=unstable_if action=reinterpret pc=0x0000000002a5eaf0 method=java.lang.reflect.AccessibleObject.setAccessible0(Ljava/lang/reflect/AccessibleObject;Z)V @ 4
Event: 6.830 Thread 0x0000000001dfe000 Uncommon trap: reason=class_check action=maybe_recompile pc=0x00000000029345d8 method=java.lang.String.equals(Ljava/lang/Object;)Z @ 8
Event: 6.831 Thread 0x0000000001dfe000 Uncommon trap: reason=class_check action=maybe_recompile pc=0x00000000029345d8 method=java.lang.String.equals(Ljava/lang/Object;)Z @ 8
Event: 6.831 Thread 0x0000000001dfe000 Uncommon trap: reason=class_check action=maybe_recompile pc=0x00000000029345d8 method=java.lang.String.equals(Ljava/lang/Object;)Z @ 8
Event: 6.831 Thread 0x0000000001dfe000 Uncommon trap: reason=class_check action=maybe_recompile pc=0x00000000029345d8 method=java.lang.String.equals(Ljava/lang/Object;)Z @ 8
Event: 7.428 Thread 0x0000000001dfe000 Uncommon trap: reason=unstable_if action=reinterpret pc=0x0000000002b657dc method=java.lang.Character.isSurrogate(C)Z @ 3
Event: 7.428 Thread 0x0000000001dfe000 Uncommon trap: reason=unstable_if action=reinterpret pc=0x0000000002ae08e4 method=java.lang.String.toLowerCase(Ljava/util/Locale;)Ljava/lang/String; @ 37
Event: 7.428 Thread 0x0000000001dfe000 Uncommon trap: reason=unstable_if action=reinterpret pc=0x0000000002967b80 method=java.lang.CharacterData.of(I)Ljava/lang/CharacterData; @ 4

Internal exceptions (10 events):
Event: 0.460 Thread 0x0000000001dfe000 Exception <a 'java/lang/NoSuchFieldError': method resolution failed> (0x00000000eb235c60) thrown at [C:\re\workspace\8-2-build-windows-amd64-cygwin\jdk8u45\3457\hotspot\src\share\vm\prims\methodHandles.cpp, line 1125]
Event: 0.479 Thread 0x0000000001dfe000 Exception <a 'java/lang/NoSuchFieldError': method resolution failed> (0x00000000eb2446d8) thrown at [C:\re\workspace\8-2-build-windows-amd64-cygwin\jdk8u45\3457\hotspot\src\share\vm\prims\methodHandles.cpp, line 1125]
Event: 0.740 Thread 0x0000000001dfe000 Implicit null exception at 0x000000000291e812 to 0x000000000291e9d9
Event: 6.113 Thread 0x0000000001dfe000 Exception <a 'java/lang/InterruptedException'> (0x00000000ebd51160) thrown at [C:\re\workspace\8-2-build-windows-amd64-cygwin\jdk8u45\3457\hotspot\src\share\vm\runtime\objectMonitor.cpp, line 1683]
Event: 8.992 Thread 0x0000000059d78800 Exception <a 'java/lang/ArrayIndexOutOfBoundsException': 0> (0x00000000eb654af8) thrown at [C:\re\workspace\8-2-build-windows-amd64-cygwin\jdk8u45\3457\hotspot\src\share\vm\interpreter\interpreterRuntime.cpp, line 366]
Event: 8.993 Thread 0x0000000059d78800 Exception <a 'com/jogamp/opengl/GLException'> (0x00000000eb654fc8) thrown at [C:\re\workspace\8-2-build-windows-amd64-cygwin\jdk8u45\3457\hotspot\src\share\vm\prims\jvm.cpp, line 1386]
Event: 8.993 Thread 0x0000000059d78800 Exception <a 'com/jogamp/opengl/GLException'> (0x00000000eb654fc8) thrown at [C:\re\workspace\8-2-build-windows-amd64-cygwin\jdk8u45\3457\hotspot\src\share\vm\prims\jvm.cpp, line 1386]
Event: 9.438 Thread 0x0000000059d78800 Exception <a 'java/lang/ArrayIndexOutOfBoundsException': 0> (0x00000000eb9c05c8) thrown at [C:\re\workspace\8-2-build-windows-amd64-cygwin\jdk8u45\3457\hotspot\src\share\vm\interpreter\interpreterRuntime.cpp, line 366]
Event: 9.439 Thread 0x0000000059d78800 Exception <a 'com/jogamp/opengl/GLException'> (0x00000000eb9c0908) thrown at [C:\re\workspace\8-2-build-windows-amd64-cygwin\jdk8u45\3457\hotspot\src\share\vm\prims\jvm.cpp, line 1386]
Event: 9.439 Thread 0x0000000059d78800 Exception <a 'com/jogamp/opengl/GLException'> (0x00000000eb9c0908) thrown at [C:\re\workspace\8-2-build-windows-amd64-cygwin\jdk8u45\3457\hotspot\src\share\vm\prims\jvm.cpp, line 1386]

Events (10 events):
Event: 9.013 Executing VM operation: RevokeBias
Event: 9.014 Executing VM operation: RevokeBias done
Event: 9.014 Executing VM operation: RevokeBias
Event: 9.015 Executing VM operation: RevokeBias done
Event: 9.464 loading class imbacad/model/shader/UniformInt
Event: 9.464 loading class imbacad/model/shader/UniformInt done
Event: 9.465 loading class imbacad/model/shader/UniformVec3
Event: 9.465 loading class imbacad/model/shader/UniformVec3 done
Event: 9.466 loading class imbacad/model/shader/UniformFloat
Event: 9.466 loading class imbacad/model/shader/UniformFloat done


Dynamic libraries:
0x000000013f660000 - 0x000000013f697000 	C:\Program Files\Java\jre1.8.0_45\bin\javaw.exe
0x00000000779b0000 - 0x0000000077b58000 	C:\Windows\SYSTEM32\ntdll.dll
0x0000000077890000 - 0x00000000779af000 	C:\Windows\system32\kernel32.dll
0x000007fefdab0000 - 0x000007fefdb1c000 	C:\Windows\system32\KERNELBASE.dll
0x000007feffbe0000 - 0x000007feffcbb000 	C:\Windows\system32\ADVAPI32.dll
0x000007fefdba0000 - 0x000007fefdc3f000 	C:\Windows\system32\msvcrt.dll
0x000007fefdb70000 - 0x000007fefdb8f000 	C:\Windows\SYSTEM32\sechost.dll
0x000007fefed10000 - 0x000007fefee3d000 	C:\Windows\system32\RPCRT4.dll
0x0000000077790000 - 0x000000007788a000 	C:\Windows\system32\USER32.dll
0x000007feffa00000 - 0x000007feffa67000 	C:\Windows\system32\GDI32.dll
0x000007fefdb90000 - 0x000007fefdb9e000 	C:\Windows\system32\LPK.dll
0x000007feffa70000 - 0x000007feffb39000 	C:\Windows\system32\USP10.dll
0x000007fefc1e0000 - 0x000007fefc3d4000 	C:\Windows\WinSxS\amd64_microsoft.windows.common-controls_6595b64144ccf1df_6.0.7601.18837_none_fa3b1e3d17594757\COMCTL32.dll
0x000007feff110000 - 0x000007feff181000 	C:\Windows\system32\SHLWAPI.dll
0x000007fefdb20000 - 0x000007fefdb4e000 	C:\Windows\system32\IMM32.DLL
0x000007feff710000 - 0x000007feff819000 	C:\Windows\system32\MSCTF.dll
0x000000006c2b0000 - 0x000000006c382000 	C:\Program Files\Java\jre1.8.0_45\bin\msvcr100.dll
0x000000006a020000 - 0x000000006a8a3000 	C:\Program Files\Java\jre1.8.0_45\bin\server\jvm.dll
0x000007fefa630000 - 0x000007fefa639000 	C:\Windows\system32\WSOCK32.dll
0x000007fefea60000 - 0x000007fefeaad000 	C:\Windows\system32\WS2_32.dll
0x000007fefea50000 - 0x000007fefea58000 	C:\Windows\system32\NSI.dll
0x000007fefb660000 - 0x000007fefb69b000 	C:\Windows\system32\WINMM.dll
0x000007fefd000000 - 0x000007fefd00c000 	C:\Windows\system32\VERSION.dll
0x0000000077b70000 - 0x0000000077b77000 	C:\Windows\system32\PSAPI.DLL
0x000000006d9e0000 - 0x000000006d9ef000 	C:\Program Files\Java\jre1.8.0_45\bin\verify.dll
0x000000006d290000 - 0x000000006d2b9000 	C:\Program Files\Java\jre1.8.0_45\bin\java.dll
0x000000006d270000 - 0x000000006d286000 	C:\Program Files\Java\jre1.8.0_45\bin\zip.dll
0x000007fefdcc0000 - 0x000007fefea49000 	C:\Windows\system32\SHELL32.dll
0x000007feff460000 - 0x000007feff663000 	C:\Windows\system32\ole32.dll
0x000007fefd770000 - 0x000007fefd77f000 	C:\Windows\system32\profapi.dll
0x000007fefac90000 - 0x000007fefac9a000 	C:\Users\Johannes\git\ImbaCAD\ImbaCAD\javaglm.dll
0x000007fef5f70000 - 0x000007fef6017000 	C:\Windows\system32\MSVCP110.dll
0x000007fef7f00000 - 0x000007fef7fd4000 	C:\Windows\system32\MSVCR110.dll
0x000000006c110000 - 0x000000006c2a8000 	C:\Program Files\Java\jre1.8.0_45\bin\awt.dll
0x000007feff1f0000 - 0x000007feff2c7000 	C:\Windows\system32\OLEAUT32.dll
0x000007fefb6f0000 - 0x000007fefb708000 	C:\Windows\system32\DWMAPI.DLL
0x000007fefd5c0000 - 0x000007fefd5cf000 	C:\Windows\system32\CRYPTBASE.dll
0x000007fee5dd0000 - 0x000007fee5fcf000 	C:\Windows\system32\d3d9.dll
0x000007feeeeb0000 - 0x000007feeeeb7000 	C:\Windows\system32\d3d8thk.dll
0x000007fee5cc0000 - 0x000007fee5dce000 	C:\Windows\system32\aticfx64.dll
0x000007feeee80000 - 0x000007feeee8f000 	C:\Windows\system32\atiu9p64.dll
0x000007fee4e60000 - 0x000007fee558d000 	C:\Windows\system32\atiumd64.dll
0x000000006d2c0000 - 0x000000006d6de000 	C:\Windows\system32\atiumd6a.dll
0x000007fefcc60000 - 0x000007fefcc78000 	C:\Windows\system32\CRYPTSP.dll
0x000007fefc960000 - 0x000007fefc9a7000 	C:\Windows\system32\rsaenh.dll
0x000007fefda40000 - 0x000007fefda5e000 	C:\Windows\system32\USERENV.dll
0x000000006d250000 - 0x000000006d26a000 	C:\Program Files\Java\jre1.8.0_45\bin\net.dll
0x000007fefcc00000 - 0x000007fefcc55000 	C:\Windows\system32\mswsock.dll
0x000007fefcbf0000 - 0x000007fefcbf7000 	C:\Windows\System32\wship6.dll
0x000007fefb510000 - 0x000007fefb537000 	C:\Windows\system32\IPHLPAPI.DLL
0x000007fefb4c0000 - 0x000007fefb4cb000 	C:\Windows\system32\WINNSI.DLL
0x000007fefb310000 - 0x000007fefb328000 	C:\Windows\system32\dhcpcsvc.DLL
0x000007fefb170000 - 0x000007fefb181000 	C:\Windows\system32\dhcpcsvc6.DLL
0x000000006cfd0000 - 0x000000006cfe1000 	C:\Program Files\Java\jre1.8.0_45\bin\nio.dll
0x000007fefd560000 - 0x000007fefd5b7000 	C:\Windows\system32\apphelp.dll
0x00000000637c0000 - 0x00000000637cd000 	C:\Users\Johannes\AppData\Local\Temp\jogamp_0000\file_cache\jln1528024575470486084\jln7465668940833948820\gluegen-rt.dll
0x000000006d9d0000 - 0x000000006d9d7000 	C:\Program Files\Java\jre1.8.0_45\bin\jawt.dll
0x0000000001d80000 - 0x0000000001d8d000 	C:\Users\Johannes\AppData\Local\Temp\jogamp_0000\file_cache\jln1528024575470486084\jln7465668940833948820\nativewindow_awt.dll
0x000000006c100000 - 0x000000006c10f000 	C:\Users\Johannes\AppData\Local\Temp\jogamp_0000\file_cache\jln1528024575470486084\jln7465668940833948820\nativewindow_win32.dll
0x000007fee5820000 - 0x000007fee593d000 	C:\Windows\system32\OpenGL32.dll
0x000007feeee50000 - 0x000007feeee7d000 	C:\Windows\system32\GLU32.dll
0x000007fee5720000 - 0x000007fee5811000 	C:\Windows\system32\DDRAW.dll
0x000007feeee20000 - 0x000007feeee28000 	C:\Windows\system32\DCIMAN32.dll
0x000007feff820000 - 0x000007feff9f7000 	C:\Windows\system32\SETUPAPI.dll
0x000007fefd780000 - 0x000007fefd7b6000 	C:\Windows\system32\CFGMGR32.dll
0x000007fefda70000 - 0x000007fefda8a000 	C:\Windows\system32\DEVOBJ.dll
0x0000000064500000 - 0x00000000645ae000 	C:\Users\Johannes\AppData\Local\Temp\jogamp_0000\file_cache\jln1528024575470486084\jln7465668940833948820\jogl_desktop.dll
0x0000000064340000 - 0x00000000643a0000 	C:\Users\Johannes\AppData\Local\Temp\jogamp_0000\file_cache\jln1528024575470486084\jln7465668940833948820\jogl_mobile.dll
0x000007feeee10000 - 0x000007feeee19000 	C:\Windows\system32\atig6pxx.dll
0x000000005a970000 - 0x000000005c2c8000 	C:\Windows\system32\atio6axx.dll
0x000007fefa640000 - 0x000007fefa6d0000 	C:\Windows\system32\atiadlxx.dll
0x000007fefcfe0000 - 0x000007fefcff1000 	C:\Windows\system32\WTSAPI32.dll
0x000007fefd7d0000 - 0x000007fefd80b000 	C:\Windows\system32\WINTRUST.dll
0x000007fefd810000 - 0x000007fefd97d000 	C:\Windows\system32\CRYPT32.dll
0x000007fefd760000 - 0x000007fefd76f000 	C:\Windows\system32\MSASN1.dll
0x000007feee900000 - 0x000007feee90e000 	C:\Windows\system32\atig6txx.dll
0x000000006ce50000 - 0x000000006ce97000 	C:\Program Files\Java\jre1.8.0_45\bin\fontmanager.dll
0x000007feff670000 - 0x000007feff709000 	C:\Windows\system32\CLBCatQ.DLL
0x000007fefb000000 - 0x000007fefb161000 	C:\Windows\system32\WindowsCodecs.dll
0x0000000072490000 - 0x0000000072555000 	C:\Program Files\AVAST Software\Avast\ashShA64.dll
0x000007fefb9d0000 - 0x000007fefbbe6000 	C:\Windows\WinSxS\amd64_microsoft.windows.gdiplus_6595b64144ccf1df_1.1.7601.18852_none_2b28839e71e973ae\gdiplus.dll
0x000007fef8d90000 - 0x000007fef90ae000 	C:\Windows\system32\msi.dll
0x000007fef8640000 - 0x000007fef864f000 	C:\Windows\system32\AcSignIcon.dll
0x000007fef8010000 - 0x000007fef8575000 	C:\Windows\system32\mfc110u.dll
0x000007fefbcd0000 - 0x000007fefbd26000 	C:\Windows\system32\UxTheme.dll
0x000007fef9110000 - 0x000007fef9145000 	C:\Windows\system32\EhStorShell.dll
0x000007fefbe60000 - 0x000007fefbf8c000 	C:\Windows\system32\PROPSYS.dll
0x000007fef8bb0000 - 0x000007fef8c30000 	C:\Windows\system32\ntshrui.dll
0x000007fefd450000 - 0x000007fefd473000 	C:\Windows\system32\srvcli.dll
0x000007fef91b0000 - 0x000007fef91bf000 	C:\Windows\system32\cscapi.dll
0x000007fefb6e0000 - 0x000007fefb6eb000 	C:\Windows\system32\slc.dll
0x000000006ce00000 - 0x000000006ce41000 	C:\Program Files\Java\jre1.8.0_45\bin\t2k.dll
0x000000006cdc0000 - 0x000000006cdf1000 	C:\Program Files\Java\jre1.8.0_45\bin\jpeg.dll
0x000007feee020000 - 0x000007feee145000 	C:\Windows\system32\dbghelp.dll

VM Arguments:
jvm_args: -Dfile.encoding=Cp1252 
java_command: imbacad.ImbaCAD
java_class_path (initial): C:\Users\Johannes\git\ImbaCAD\ImbaCAD\bin;C:\Program Files (x86)\jogamp-all-platforms\jar\gluegen-rt.jar;C:\Program Files (x86)\jogamp-all-platforms\jar\jogl-all.jar
Launcher Type: SUN_STANDARD

Environment Variables:
PATH=C:/Program Files/Java/jre1.8.0_45/bin/server;C:/Program Files/Java/jre1.8.0_45/bin;C:/Program Files/Java/jre1.8.0_45/lib/amd64;C:\ProgramData\Oracle\Java\javapath;C:\Program Files\Common Files\Microsoft Shared\Windows Live;C:\Program Files (x86)\Common Files\Microsoft Shared\Windows Live;C:\Program Files (x86)\AMD APP SDK 2.9-1\AMD APP SDK\2.9-1\bin\x86_64;C:\Program Files (x86)\AMD APP SDK 2.9-1\AMD APP SDK\2.9-1\bin\x86;C:\Program Files (x86)\AMD APP SDK\2.9-1\bin\x86_64;C:\Program Files (x86)\AMD APP SDK\2.9-1\bin\x86;C:\Program Files\Python\;C:\Windows\SYSTEM32;C:\Windows;C:\Windows\SYSTEM32\WBEM;C:\Windows\SYSTEM32\WINDOWSPOWERSHELL\V1.0\;C:\PROGRAM FILES (X86)\ATI TECHNOLOGIES\ATI.ACE\CORE-STATIC;C:\Program Files (x86)\MiKTeX\miktex\bin\;C:\Program Files (x86)\Windows Kits\8.0\Windows Performance Toolkit\;C:\Program Files\Microsoft SQL Server\110\Tools\Binn\;C:\Program Files\OpenVPN\bin;C:\Program Files (x86)\Windows Live\Shared;C:\Program Files\Java\jdk1.8.0_45\bin;C:\Program Files (x86)\CMake\bin;C:\Program Files (x86)\doxygen\bin; ;C:\Program Files (x86)\eclipse;
USERNAME=Johannes
OS=Windows_NT
PROCESSOR_IDENTIFIER=Intel64 Family 6 Model 23 Stepping 10, GenuineIntel



---------------  S Y S T E M  ---------------

OS: Windows 7 , 64 bit Build 7601 (6.1.7601.18847)

CPU:total 2 (2 cores per cpu, 1 threads per core) family 6 model 23 stepping 10, cmov, cx8, fxsr, mmx, sse, sse2, sse3, ssse3, tsc

Memory: 4k page, physical 4124456k(1362032k free), swap 8247060k(3226192k free)

vm_info: Java HotSpot(TM) 64-Bit Server VM (25.45-b02) for windows-amd64 JRE (1.8.0_45-b14), built on Apr 10 2015 10:34:15 by "java_re" with MS VC++ 10.0 (VS2010)

time: Tue Dec 01 23:31:17 2015
elapsed time: 9 seconds (0d 0h 0m 9s)

