#
# A fatal error has been detected by the Java Runtime Environment:
#
#  EXCEPTION_ACCESS_VIOLATION (0xc0000005) at pc=0x19a2b931, pid=3020, tid=4840
#
# JRE version: Java(TM) SE Runtime Environment (8.0_40-b25) (build 1.8.0_40-b25)
# Java VM: Java HotSpot(TM) Client VM (25.40-b25 mixed mode, sharing windows-x86 )
# Problematic frame:
# C  [atioglxx.dll+0x91b931]
#
# Failed to write core dump. Minidumps are not enabled by default on client versions of Windows
#
# If you would like to submit a bug report, please visit:
#   http://bugreport.java.com/bugreport/crash.jsp
# The crash happened outside the Java Virtual Machine in native code.
# See problematic frame for where to report the bug.
#

---------------  T H R E A D  ---------------

Current thread (0x18da5800):  JavaThread "AWT-EventQueue-0" [_thread_in_native, id=4840, stack(0x18970000,0x189c0000)]

siginfo: ExceptionCode=0xc0000005, writing address 0x00000000

Registers:
EAX=0x00000000, EBX=0x1a8b9a10, ECX=0x00000000, EDX=0x1ade4e98
ESP=0x189beea0, EBP=0x189beec4, ESI=0x00000001, EDI=0x00000001
EIP=0x19a2b931, EFLAGS=0x00010202

Top of Stack: (sp=0x189beea0)
0x189beea0:   1a850468 18da5940 00000018 00000000
0x189beeb0:   00000000 1a7ebee8 14c2b2bc 00000000
0x189beec0:   00000019 189beed8 1983f56e 00000000
0x189beed0:   00000001 1a372e40 189beee8 19494281
0x189beee0:   00000001 00000000 189bef28 6451b452
0x189beef0:   00000001 00000000 6bdbf600 18da5800
0x189bef00:   00000006 00000008 18da5800 15113378
0x189bef10:   15113378 15113378 18da5800 15113378 

Instructions: (pc=0x19a2b931)
0x19a2b911:   73 2a 81 7b 08 00 10 00 00 74 21 8b 7b 04 03 3b
0x19a2b921:   8b c3 8b cf e8 26 3c 00 00 8b 44 24 0c 8b 4d 08
0x19a2b931:   89 3c 81 40 89 44 24 0c 3b c6 72 d6 ff 44 24 1c
0x19a2b941:   81 44 24 10 00 10 00 00 39 74 24 0c 0f 82 72 ff 


Register to memory mapping:

EAX=0x00000000 is an unknown value
EBX=0x1a8b9a10 is an unknown value
ECX=0x00000000 is an unknown value
EDX=0x1ade4e98 is an unknown value
ESP=0x189beea0 is pointing into the stack for thread: 0x18da5800
EBP=0x189beec4 is pointing into the stack for thread: 0x18da5800
ESI=0x00000001 is an unknown value
EDI=0x00000001 is an unknown value


Stack: [0x18970000,0x189c0000],  sp=0x189beea0,  free space=315k
Native frames: (J=compiled Java code, j=interpreted, Vv=VM code, C=native code)
C  [atioglxx.dll+0x91b931]
C  [atioglxx.dll+0x72f56e]
C  [atioglxx.dll+0x384281]
C  [jogl_desktop.dll+0x1b452]
j  jogamp.opengl.gl4.GL4bcImpl.dispatch_glGenBuffers1(ILjava/lang/Object;IZJ)V+0
j  jogamp.opengl.gl4.GL4bcImpl.glGenBuffers(ILjava/nio/IntBuffer;)V+81
j  ghost.Ghost.init(Lcom/jogamp/opengl/GLAutoDrawable;)V+127
j  jogamp.opengl.GLDrawableHelper.init(Lcom/jogamp/opengl/GLEventListener;Lcom/jogamp/opengl/GLAutoDrawable;ZZ)V+2
j  jogamp.opengl.GLDrawableHelper.init(Lcom/jogamp/opengl/GLAutoDrawable;Z)V+73
j  com.jogamp.opengl.awt.GLCanvas$10.run()V+26
j  jogamp.opengl.GLDrawableHelper.invokeGLImpl(Lcom/jogamp/opengl/GLDrawable;Lcom/jogamp/opengl/GLContext;Ljava/lang/Runnable;Ljava/lang/Runnable;)V+197
j  jogamp.opengl.GLDrawableHelper.invokeGL(Lcom/jogamp/opengl/GLDrawable;Lcom/jogamp/opengl/GLContext;Ljava/lang/Runnable;Ljava/lang/Runnable;)V+72
j  com.jogamp.opengl.awt.GLCanvas$12.run()V+104
j  java.awt.event.InvocationEvent.dispatch()V+11
j  java.awt.EventQueue.dispatchEventImpl(Ljava/awt/AWTEvent;Ljava/lang/Object;)V+21
j  java.awt.EventQueue.access$500(Ljava/awt/EventQueue;Ljava/awt/AWTEvent;Ljava/lang/Object;)V+3
j  java.awt.EventQueue$3.run()Ljava/lang/Void;+32
j  java.awt.EventQueue$3.run()Ljava/lang/Object;+1
v  ~StubRoutines::call_stub
V  [jvm.dll+0x155c05]
V  [jvm.dll+0x21b0be]
V  [jvm.dll+0x155c9e]
V  [jvm.dll+0x106eaf]
C  [java.dll+0x102f]
j  java.security.ProtectionDomain$1.doIntersectionPrivilege(Ljava/security/PrivilegedAction;Ljava/security/AccessControlContext;Ljava/security/AccessControlContext;)Ljava/lang/Object;+28
j  java.awt.EventQueue.dispatchEvent(Ljava/awt/AWTEvent;)V+46
j  java.awt.EventDispatchThread.pumpOneEventForFilters(I)V+245
j  java.awt.EventDispatchThread.pumpEventsForFilter(ILjava/awt/Conditional;Ljava/awt/EventFilter;)V+35
j  java.awt.EventDispatchThread.pumpEventsForHierarchy(ILjava/awt/Conditional;Ljava/awt/Component;)V+11
j  java.awt.EventDispatchThread.pumpEvents(ILjava/awt/Conditional;)V+4
j  java.awt.EventDispatchThread.pumpEvents(Ljava/awt/Conditional;)V+3
j  java.awt.EventDispatchThread.run()V+9
v  ~StubRoutines::call_stub
V  [jvm.dll+0x155c05]
V  [jvm.dll+0x21b0be]
V  [jvm.dll+0x155c9e]
V  [jvm.dll+0x155e26]
V  [jvm.dll+0x155e97]
V  [jvm.dll+0xfafaf]
V  [jvm.dll+0x178f3c]
V  [jvm.dll+0x17902a]
V  [jvm.dll+0x1bd616]
C  [msvcr100.dll+0x5c556]
C  [msvcr100.dll+0x5c600]
C  [kernel32.dll+0x1338a]
C  [ntdll.dll+0x39f72]
C  [ntdll.dll+0x39f45]
C  0x00000000

Java frames: (J=compiled Java code, j=interpreted, Vv=VM code)
j  jogamp.opengl.gl4.GL4bcImpl.dispatch_glGenBuffers1(ILjava/lang/Object;IZJ)V+0
j  jogamp.opengl.gl4.GL4bcImpl.glGenBuffers(ILjava/nio/IntBuffer;)V+81
j  ghost.Ghost.init(Lcom/jogamp/opengl/GLAutoDrawable;)V+127
j  jogamp.opengl.GLDrawableHelper.init(Lcom/jogamp/opengl/GLEventListener;Lcom/jogamp/opengl/GLAutoDrawable;ZZ)V+2
j  jogamp.opengl.GLDrawableHelper.init(Lcom/jogamp/opengl/GLAutoDrawable;Z)V+73
j  com.jogamp.opengl.awt.GLCanvas$10.run()V+26
j  jogamp.opengl.GLDrawableHelper.invokeGLImpl(Lcom/jogamp/opengl/GLDrawable;Lcom/jogamp/opengl/GLContext;Ljava/lang/Runnable;Ljava/lang/Runnable;)V+197
j  jogamp.opengl.GLDrawableHelper.invokeGL(Lcom/jogamp/opengl/GLDrawable;Lcom/jogamp/opengl/GLContext;Ljava/lang/Runnable;Ljava/lang/Runnable;)V+72
j  com.jogamp.opengl.awt.GLCanvas$12.run()V+104
j  java.awt.event.InvocationEvent.dispatch()V+11
j  java.awt.EventQueue.dispatchEventImpl(Ljava/awt/AWTEvent;Ljava/lang/Object;)V+21
j  java.awt.EventQueue.access$500(Ljava/awt/EventQueue;Ljava/awt/AWTEvent;Ljava/lang/Object;)V+3
j  java.awt.EventQueue$3.run()Ljava/lang/Void;+32
j  java.awt.EventQueue$3.run()Ljava/lang/Object;+1
v  ~StubRoutines::call_stub
j  java.security.AccessController.doPrivileged(Ljava/security/PrivilegedAction;Ljava/security/AccessControlContext;)Ljava/lang/Object;+0
j  java.security.ProtectionDomain$1.doIntersectionPrivilege(Ljava/security/PrivilegedAction;Ljava/security/AccessControlContext;Ljava/security/AccessControlContext;)Ljava/lang/Object;+28
j  java.awt.EventQueue.dispatchEvent(Ljava/awt/AWTEvent;)V+46
j  java.awt.EventDispatchThread.pumpOneEventForFilters(I)V+245
j  java.awt.EventDispatchThread.pumpEventsForFilter(ILjava/awt/Conditional;Ljava/awt/EventFilter;)V+35
j  java.awt.EventDispatchThread.pumpEventsForHierarchy(ILjava/awt/Conditional;Ljava/awt/Component;)V+11
j  java.awt.EventDispatchThread.pumpEvents(ILjava/awt/Conditional;)V+4
j  java.awt.EventDispatchThread.pumpEvents(Ljava/awt/Conditional;)V+3
j  java.awt.EventDispatchThread.run()V+9
v  ~StubRoutines::call_stub

---------------  P R O C E S S  ---------------

Java Threads: ( => current thread )
  0x00cec400 JavaThread "DestroyJavaVM" [_thread_blocked, id=4160, stack(0x00240000,0x00290000)]
  0x18b24c00 JavaThread "main-AWTAnimator#00" [_thread_blocked, id=4948, stack(0x182c0000,0x18310000)]
=>0x18da5800 JavaThread "AWT-EventQueue-0" [_thread_in_native, id=4840, stack(0x18970000,0x189c0000)]
  0x18c06400 JavaThread "AWT-Shutdown" [_thread_blocked, id=2908, stack(0x16270000,0x162c0000)]
  0x18bf5800 JavaThread "main-SharedResourceRunner" daemon [_thread_blocked, id=5076, stack(0x190c0000,0x19110000)]
  0x15d36c00 JavaThread "AWT-Windows" daemon [_thread_in_native, id=4704, stack(0x16190000,0x161e0000)]
  0x15d35400 JavaThread "Java2D Disposer" daemon [_thread_blocked, id=5108, stack(0x15f90000,0x15fe0000)]
  0x00ed1000 JavaThread "Service Thread" daemon [_thread_blocked, id=3088, stack(0x15b30000,0x15b80000)]
  0x00e4cc00 JavaThread "C1 CompilerThread0" daemon [_thread_blocked, id=4896, stack(0x159f0000,0x15a40000)]
  0x00e4bc00 JavaThread "Attach Listener" daemon [_thread_blocked, id=4984, stack(0x15a70000,0x15ac0000)]
  0x00e3e400 JavaThread "Signal Dispatcher" daemon [_thread_blocked, id=3076, stack(0x04750000,0x047a0000)]
  0x00e3a000 JavaThread "Finalizer" daemon [_thread_blocked, id=2692, stack(0x15240000,0x15290000)]
  0x00e35400 JavaThread "Reference Handler" daemon [_thread_blocked, id=4924, stack(0x152a0000,0x152f0000)]

Other Threads:
  0x00e33800 VMThread [stack: 0x001f0000,0x00240000] [id=4400]
  0x00eda400 WatcherThread [stack: 0x15ac0000,0x15b10000] [id=4616]

VM state:not at safepoint (normal execution)

VM Mutex/Monitor currently owned by a thread: None

Heap:
 def new generation   total 4928K, used 4399K [0x04800000, 0x04d50000, 0x09d50000)
  eden space 4416K,  95% used [0x04800000, 0x04c204e8, 0x04c50000)
  from space 512K,  34% used [0x04c50000, 0x04c7b920, 0x04cd0000)
  to   space 512K,   0% used [0x04cd0000, 0x04cd0000, 0x04d50000)
 tenured generation   total 10944K, used 4586K [0x09d50000, 0x0a800000, 0x14800000)
   the space 10944K,  41% used [0x09d50000, 0x0a1ca9c0, 0x0a1caa00, 0x0a800000)
 Metaspace       used 4382K, capacity 5584K, committed 5632K, reserved 6528K

Card table byte_map: [0x00bf0000,0x00c80000] byte_map_base: 0x00bcc000

Polling page: 0x00110000

CodeCache: size=32768Kb used=1068Kb max_used=1068Kb free=31699Kb
 bounds [0x02640000, 0x02750000, 0x04640000]
 total_blobs=673 nmethods=282 adapters=323
 compilation: enabled

Compilation events (10 events):
Event: 8.271 Thread 0x00e4cc00  280  s          sun.java2d.loops.GraphicsPrimitive::makeUniqueID (26 bytes)
Event: 8.272 Thread 0x00e4cc00 nmethod 280 0x02749808 code [0x02749900, 0x02749ae0]
Event: 8.272 Thread 0x00e4cc00  281             sun.java2d.loops.CompositeType::getUniqueID (5 bytes)
Event: 8.272 Thread 0x00e4cc00 nmethod 281 0x02749bc8 code [0x02749cc0, 0x02749d40]
Event: 8.273 Thread 0x00e4cc00  282  s          sun.java2d.loops.GraphicsPrimitiveMgr::locatePrim (96 bytes)
Event: 8.274 Thread 0x00e4cc00 nmethod 282 0x02749d88 code [0x02749ec0, 0x0274a36c]
Event: 8.337 Thread 0x00e4cc00  283             java.util.zip.ZipFile::access$000 (5 bytes)
Event: 8.337 Thread 0x00e4cc00 nmethod 283 0x0274a788 code [0x0274a880, 0x0274a8f0]
Event: 8.459 Thread 0x00e4cc00  285   !         java.lang.ClassLoader::findNative (86 bytes)
Event: 8.460 Thread 0x00e4cc00 nmethod 285 0x0274abc8 code [0x0274ad00, 0x0274b178]

GC Heap History (10 events):
Event: 6.971 GC heap before
{Heap before GC invocations=11 (full 0):
 def new generation   total 4928K, used 4416K [0x04800000, 0x04d50000, 0x09d50000)
  eden space 4416K, 100% used [0x04800000, 0x04c50000, 0x04c50000)
  from space 512K,   0% used [0x04cd0000, 0x04cd00d0, 0x04d50000)
  to   space 512K,   0% used [0x04c50000, 0x04c50000, 0x04cd0000)
 tenured generation   total 10944K, used 4586K [0x09d50000, 0x0a800000, 0x14800000)
   the space 10944K,  41% used [0x09d50000, 0x0a1ca9c0, 0x0a1caa00, 0x0a800000)
 Metaspace       used 4008K, capacity 5451K, committed 5504K, reserved 5504K
Event: 6.972 GC heap after
Heap after GC invocations=12 (full 0):
 def new generation   total 4928K, used 0K [0x04800000, 0x04d50000, 0x09d50000)
  eden space 4416K,   0% used [0x04800000, 0x04800000, 0x04c50000)
  from space 512K,   0% used [0x04c50000, 0x04c500e8, 0x04cd0000)
  to   space 512K,   0% used [0x04cd0000, 0x04cd0000, 0x04d50000)
 tenured generation   total 10944K, used 4586K [0x09d50000, 0x0a800000, 0x14800000)
   the space 10944K,  41% used [0x09d50000, 0x0a1ca9c0, 0x0a1caa00, 0x0a800000)
 Metaspace       used 4008K, capacity 5451K, committed 5504K, reserved 5504K
}
Event: 7.560 GC heap before
{Heap before GC invocations=12 (full 0):
 def new generation   total 4928K, used 4416K [0x04800000, 0x04d50000, 0x09d50000)
  eden space 4416K, 100% used [0x04800000, 0x04c50000, 0x04c50000)
  from space 512K,   0% used [0x04c50000, 0x04c500e8, 0x04cd0000)
  to   space 512K,   0% used [0x04cd0000, 0x04cd0000, 0x04d50000)
 tenured generation   total 10944K, used 4586K [0x09d50000, 0x0a800000, 0x14800000)
   the space 10944K,  41% used [0x09d50000, 0x0a1ca9c0, 0x0a1caa00, 0x0a800000)
 Metaspace       used 4008K, capacity 5451K, committed 5504K, reserved 5504K
Event: 7.561 GC heap after
Heap after GC invocations=13 (full 0):
 def new generation   total 4928K, used 175K [0x04800000, 0x04d50000, 0x09d50000)
  eden space 4416K,   0% used [0x04800000, 0x04800000, 0x04c50000)
  from space 512K,  34% used [0x04cd0000, 0x04cfbd28, 0x04d50000)
  to   space 512K,   0% used [0x04c50000, 0x04c50000, 0x04cd0000)
 tenured generation   total 10944K, used 4586K [0x09d50000, 0x0a800000, 0x14800000)
   the space 10944K,  41% used [0x09d50000, 0x0a1ca9c0, 0x0a1caa00, 0x0a800000)
 Metaspace       used 4008K, capacity 5451K, committed 5504K, reserved 5504K
}
Event: 7.667 GC heap before
{Heap before GC invocations=13 (full 0):
 def new generation   total 4928K, used 4591K [0x04800000, 0x04d50000, 0x09d50000)
  eden space 4416K, 100% used [0x04800000, 0x04c50000, 0x04c50000)
  from space 512K,  34% used [0x04cd0000, 0x04cfbd28, 0x04d50000)
  to   space 512K,   0% used [0x04c50000, 0x04c50000, 0x04cd0000)
 tenured generation   total 10944K, used 4586K [0x09d50000, 0x0a800000, 0x14800000)
   the space 10944K,  41% used [0x09d50000, 0x0a1ca9c0, 0x0a1caa00, 0x0a800000)
 Metaspace       used 4008K, capacity 5451K, committed 5504K, reserved 5504K
Event: 7.668 GC heap after
Heap after GC invocations=14 (full 0):
 def new generation   total 4928K, used 174K [0x04800000, 0x04d50000, 0x09d50000)
  eden space 4416K,   0% used [0x04800000, 0x04800000, 0x04c50000)
  from space 512K,  34% used [0x04c50000, 0x04c7b948, 0x04cd0000)
  to   space 512K,   0% used [0x04cd0000, 0x04cd0000, 0x04d50000)
 tenured generation   total 10944K, used 4586K [0x09d50000, 0x0a800000, 0x14800000)
   the space 10944K,  41% used [0x09d50000, 0x0a1ca9c0, 0x0a1caa00, 0x0a800000)
 Metaspace       used 4008K, capacity 5451K, committed 5504K, reserved 5504K
}
Event: 7.776 GC heap before
{Heap before GC invocations=14 (full 0):
 def new generation   total 4928K, used 4590K [0x04800000, 0x04d50000, 0x09d50000)
  eden space 4416K, 100% used [0x04800000, 0x04c50000, 0x04c50000)
  from space 512K,  34% used [0x04c50000, 0x04c7b948, 0x04cd0000)
  to   space 512K,   0% used [0x04cd0000, 0x04cd0000, 0x04d50000)
 tenured generation   total 10944K, used 4586K [0x09d50000, 0x0a800000, 0x14800000)
   the space 10944K,  41% used [0x09d50000, 0x0a1ca9c0, 0x0a1caa00, 0x0a800000)
 Metaspace       used 4008K, capacity 5451K, committed 5504K, reserved 5504K
Event: 7.778 GC heap after
Heap after GC invocations=15 (full 0):
 def new generation   total 4928K, used 174K [0x04800000, 0x04d50000, 0x09d50000)
  eden space 4416K,   0% used [0x04800000, 0x04800000, 0x04c50000)
  from space 512K,  34% used [0x04cd0000, 0x04cfb968, 0x04d50000)
  to   space 512K,   0% used [0x04c50000, 0x04c50000, 0x04cd0000)
 tenured generation   total 10944K, used 4586K [0x09d50000, 0x0a800000, 0x14800000)
   the space 10944K,  41% used [0x09d50000, 0x0a1ca9c0, 0x0a1caa00, 0x0a800000)
 Metaspace       used 4008K, capacity 5451K, committed 5504K, reserved 5504K
}
Event: 7.881 GC heap before
{Heap before GC invocations=15 (full 0):
 def new generation   total 4928K, used 4590K [0x04800000, 0x04d50000, 0x09d50000)
  eden space 4416K, 100% used [0x04800000, 0x04c50000, 0x04c50000)
  from space 512K,  34% used [0x04cd0000, 0x04cfb968, 0x04d50000)
  to   space 512K,   0% used [0x04c50000, 0x04c50000, 0x04cd0000)
 tenured generation   total 10944K, used 4586K [0x09d50000, 0x0a800000, 0x14800000)
   the space 10944K,  41% used [0x09d50000, 0x0a1ca9c0, 0x0a1caa00, 0x0a800000)
 Metaspace       used 4008K, capacity 5451K, committed 5504K, reserved 5504K
Event: 7.883 GC heap after
Heap after GC invocations=16 (full 0):
 def new generation   total 4928K, used 174K [0x04800000, 0x04d50000, 0x09d50000)
  eden space 4416K,   0% used [0x04800000, 0x04800000, 0x04c50000)
  from space 512K,  34% used [0x04c50000, 0x04c7b920, 0x04cd0000)
  to   space 512K,   0% used [0x04cd0000, 0x04cd0000, 0x04d50000)
 tenured generation   total 10944K, used 4586K [0x09d50000, 0x0a800000, 0x14800000)
   the space 10944K,  41% used [0x09d50000, 0x0a1ca9c0, 0x0a1caa00, 0x0a800000)
 Metaspace       used 4008K, capacity 5451K, committed 5504K, reserved 5504K
}

Deoptimization events (0 events):
No events

Internal exceptions (10 events):
Event: 0.536 Thread 0x00cec400 Exception <a 'java/security/PrivilegedActionException'> (0x049750b8) thrown at [D:\re\puppet\workspace\8-2-build-windows-i586-cygwin\jdk8u40\2855\hotspot\src\share\vm\prims\jvm.cpp, line 1382]
Event: 0.536 Thread 0x00cec400 Exception <a 'java/security/PrivilegedActionException'> (0x04975268) thrown at [D:\re\puppet\workspace\8-2-build-windows-i586-cygwin\jdk8u40\2855\hotspot\src\share\vm\prims\jvm.cpp, line 1382]
Event: 0.539 Thread 0x00cec400 Exception <a 'java/security/PrivilegedActionException'> (0x04978f88) thrown at [D:\re\puppet\workspace\8-2-build-windows-i586-cygwin\jdk8u40\2855\hotspot\src\share\vm\prims\jvm.cpp, line 1382]
Event: 0.539 Thread 0x00cec400 Exception <a 'java/security/PrivilegedActionException'> (0x04979138) thrown at [D:\re\puppet\workspace\8-2-build-windows-i586-cygwin\jdk8u40\2855\hotspot\src\share\vm\prims\jvm.cpp, line 1382]
Event: 0.562 Thread 0x00cec400 Exception <a 'java/io/FileNotFoundException'> (0x0497dbb0) thrown at [D:\re\puppet\workspace\8-2-build-windows-i586-cygwin\jdk8u40\2855\hotspot\src\share\vm\prims\jni.cpp, line 709]
Event: 3.062 Thread 0x00cec400 Exception <a 'java/lang/NoSuchFieldError': method resolution failed> (0x04a16a10) thrown at [D:\re\puppet\workspace\8-2-build-windows-i586-cygwin\jdk8u40\2855\hotspot\src\share\vm\prims\methodHandles.cpp, line 1125]
Event: 3.066 Thread 0x00cec400 Exception <a 'java/lang/NoSuchFieldError': method resolution failed> (0x04a23ee0) thrown at [D:\re\puppet\workspace\8-2-build-windows-i586-cygwin\jdk8u40\2855\hotspot\src\share\vm\prims\methodHandles.cpp, line 1125]
Event: 3.145 Thread 0x00cec400 Exception <a 'java/io/FileNotFoundException'> (0x04acd3f8) thrown at [D:\re\puppet\workspace\8-2-build-windows-i586-cygwin\jdk8u40\2855\hotspot\src\share\vm\prims\jni.cpp, line 709]
Event: 8.088 Thread 0x00cec400 Exception <a 'java/lang/InterruptedException'> (0x04aaafc0) thrown at [D:\re\puppet\workspace\8-2-build-windows-i586-cygwin\jdk8u40\2855\hotspot\src\share\vm\runtime\objectMonitor.cpp, line 1683]
Event: 8.224 Thread 0x00cec400 Exception <a 'java/lang/reflect/InvocationTargetException'> (0x04b6dc68) thrown at [D:\re\puppet\workspace\8-2-build-windows-i586-cygwin\jdk8u40\2855\hotspot\src\share\vm\runtime\reflection.cpp, line 1080]

Events (10 events):
Event: 8.344 loading class java/awt/event/MouseWheelEvent
Event: 8.344 loading class java/awt/event/MouseWheelEvent done
Event: 8.345 loading class java/awt/AWTEvent$2
Event: 8.345 loading class java/awt/AWTEvent$2 done
Event: 8.345 loading class sun/reflect/UnsafeBooleanFieldAccessorImpl
Event: 8.345 loading class sun/reflect/UnsafeBooleanFieldAccessorImpl done
Event: 8.346 Executing VM operation: RevokeBias
Event: 8.346 Executing VM operation: RevokeBias done
Event: 8.347 Executing VM operation: RevokeBias
Event: 8.348 Executing VM operation: RevokeBias done


Dynamic libraries:
0x01200000 - 0x01233000 	C:\Program Files (x86)\Java\jre1.8.0_40\bin\javaw.exe
0x77b50000 - 0x77cd0000 	C:\Windows\SysWOW64\ntdll.dll
0x770f0000 - 0x77200000 	C:\Windows\syswow64\kernel32.dll
0x756d0000 - 0x75717000 	C:\Windows\syswow64\KERNELBASE.dll
0x75720000 - 0x757c0000 	C:\Windows\syswow64\ADVAPI32.dll
0x769b0000 - 0x76a5c000 	C:\Windows\syswow64\msvcrt.dll
0x770d0000 - 0x770e9000 	C:\Windows\SysWOW64\sechost.dll
0x76e60000 - 0x76f50000 	C:\Windows\syswow64\RPCRT4.dll
0x75540000 - 0x755a0000 	C:\Windows\syswow64\SspiCli.dll
0x75530000 - 0x7553c000 	C:\Windows\syswow64\CRYPTBASE.dll
0x75860000 - 0x75960000 	C:\Windows\syswow64\USER32.dll
0x75b40000 - 0x75bd0000 	C:\Windows\syswow64\GDI32.dll
0x770a0000 - 0x770aa000 	C:\Windows\syswow64\LPK.dll
0x757c0000 - 0x7585d000 	C:\Windows\syswow64\USP10.dll
0x74a60000 - 0x74bfe000 	C:\Windows\WinSxS\x86_microsoft.windows.common-controls_6595b64144ccf1df_6.0.7601.17514_none_41e6975e2bd6f2b2\COMCTL32.dll
0x75960000 - 0x759b7000 	C:\Windows\syswow64\SHLWAPI.dll
0x76f50000 - 0x76fb0000 	C:\Windows\system32\IMM32.DLL
0x77680000 - 0x7774c000 	C:\Windows\syswow64\MSCTF.dll
0x66890000 - 0x6694f000 	C:\Program Files (x86)\Java\jre1.8.0_40\bin\msvcr100.dll
0x6bd40000 - 0x6c100000 	C:\Program Files (x86)\Java\jre1.8.0_40\bin\client\jvm.dll
0x73da0000 - 0x73da7000 	C:\Windows\system32\WSOCK32.dll
0x768a0000 - 0x768d5000 	C:\Windows\syswow64\WS2_32.dll
0x77b20000 - 0x77b26000 	C:\Windows\syswow64\NSI.dll
0x747e0000 - 0x74812000 	C:\Windows\system32\WINMM.dll
0x73b10000 - 0x73b19000 	C:\Windows\system32\VERSION.dll
0x77040000 - 0x77045000 	C:\Windows\syswow64\PSAPI.DLL
0x75180000 - 0x7518c000 	C:\Program Files (x86)\Java\jre1.8.0_40\bin\verify.dll
0x75150000 - 0x75171000 	C:\Program Files (x86)\Java\jre1.8.0_40\bin\java.dll
0x75130000 - 0x75143000 	C:\Program Files (x86)\Java\jre1.8.0_40\bin\zip.dll
0x75bd0000 - 0x7681a000 	C:\Windows\syswow64\SHELL32.dll
0x759e0000 - 0x75b3c000 	C:\Windows\syswow64\ole32.dll
0x759c0000 - 0x759cb000 	C:\Windows\syswow64\profapi.dll
0x666d0000 - 0x66815000 	C:\Program Files (x86)\Java\jre1.8.0_40\bin\awt.dll
0x77200000 - 0x7728f000 	C:\Windows\syswow64\OLEAUT32.dll
0x73810000 - 0x73826000 	C:\Windows\system32\CRYPTSP.dll
0x737d0000 - 0x7380b000 	C:\Windows\system32\rsaenh.dll
0x76a60000 - 0x76a77000 	C:\Windows\syswow64\USERENV.dll
0x74c00000 - 0x74c15000 	C:\Program Files (x86)\Java\jre1.8.0_40\bin\net.dll
0x72c00000 - 0x72c3c000 	C:\Windows\system32\mswsock.dll
0x72b20000 - 0x72b26000 	C:\Windows\System32\wship6.dll
0x73bd0000 - 0x73bec000 	C:\Windows\system32\IPHLPAPI.DLL
0x73bc0000 - 0x73bc7000 	C:\Windows\system32\WINNSI.DLL
0x72900000 - 0x72912000 	C:\Windows\system32\dhcpcsvc.DLL
0x728f0000 - 0x728fd000 	C:\Windows\system32\dhcpcsvc6.DLL
0x749a0000 - 0x749af000 	C:\Program Files (x86)\Java\jre1.8.0_40\bin\nio.dll
0x71e70000 - 0x71ebc000 	C:\Windows\system32\apphelp.dll
0x637c0000 - 0x637cb000 	C:\Users\Johannes\AppData\Local\Temp\jogamp_0000\file_cache\jln8390502549273847457\jln7630281315030606796\gluegen-rt.dll
0x6a910000 - 0x6a916000 	C:\Program Files (x86)\Java\jre1.8.0_40\bin\jawt.dll
0x6a440000 - 0x6a44b000 	C:\Users\Johannes\AppData\Local\Temp\jogamp_0000\file_cache\jln8390502549273847457\jln7630281315030606796\nativewindow_awt.dll
0x71050000 - 0x71063000 	C:\Windows\system32\DWMAPI.DLL
0x5fa70000 - 0x5fc33000 	C:\Windows\system32\d3d9.dll
0x699d0000 - 0x699d6000 	C:\Windows\system32\d3d8thk.dll
0x5f980000 - 0x5fa66000 	C:\Windows\system32\aticfx32.dll
0x681d0000 - 0x681db000 	C:\Windows\system32\atiu9pag.dll
0x5ed80000 - 0x5f37e000 	C:\Windows\system32\atiumdag.dll
0x5f4e0000 - 0x5f972000 	C:\Windows\system32\atiumdva.dll
0x6c100000 - 0x6c10d000 	C:\Users\Johannes\AppData\Local\Temp\jogamp_0000\file_cache\jln8390502549273847457\jln7630281315030606796\nativewindow_win32.dll
0x66600000 - 0x666c8000 	C:\Windows\system32\OpenGL32.dll
0x665d0000 - 0x665f2000 	C:\Windows\system32\GLU32.dll
0x66410000 - 0x664f7000 	C:\Windows\system32\DDRAW.dll
0x6a500000 - 0x6a506000 	C:\Windows\system32\DCIMAN32.dll
0x76cc0000 - 0x76e5d000 	C:\Windows\syswow64\SETUPAPI.dll
0x76a80000 - 0x76aa7000 	C:\Windows\syswow64\CFGMGR32.dll
0x77290000 - 0x772a2000 	C:\Windows\syswow64\DEVOBJ.dll
0x64500000 - 0x6459d000 	C:\Users\Johannes\AppData\Local\Temp\jogamp_0000\file_cache\jln8390502549273847457\jln7630281315030606796\jogl_desktop.dll
0x64340000 - 0x64398000 	C:\Users\Johannes\AppData\Local\Temp\jogamp_0000\file_cache\jln8390502549273847457\jln7630281315030606796\jogl_mobile.dll
0x6a1e0000 - 0x6a1e7000 	C:\Windows\system32\atiglpxx.dll
0x19110000 - 0x1a435000 	C:\Windows\system32\atioglxx.dll
0x663a0000 - 0x66402000 	C:\Windows\system32\atiadlxy.dll
0x72d50000 - 0x72d5d000 	C:\Windows\system32\WTSAPI32.dll
0x76980000 - 0x769af000 	C:\Windows\syswow64\WINTRUST.dll
0x755a0000 - 0x756c1000 	C:\Windows\syswow64\CRYPT32.dll
0x759d0000 - 0x759dc000 	C:\Windows\syswow64\MSASN1.dll
0x66870000 - 0x6687b000 	C:\Windows\system32\atigktxx.dll
0x66590000 - 0x665c9000 	C:\Program Files (x86)\Java\jre1.8.0_40\bin\fontmanager.dll
0x662b0000 - 0x6639b000 	C:\Windows\system32\dbghelp.dll

VM Arguments:
jvm_args: -Duser.language=en -Dfile.encoding=Cp1252 
java_command: ghost.Ghost
java_class_path (initial): C:\Program Files (x86)\eclipse\workspace\Ghost\bin;C:\Program Files (x86)\jogamp-all-platforms\jar\gluegen-rt.jar;C:\Program Files (x86)\jogamp-all-platforms\jar\jogl-all.jar
Launcher Type: SUN_STANDARD

Environment Variables:
PATH=C:/Program Files (x86)/Java/jre1.8.0_40/bin/client;C:/Program Files (x86)/Java/jre1.8.0_40/bin;C:/Program Files (x86)/Java/jre1.8.0_40/lib/i386;C:\ProgramData\Oracle\Java\javapath;C:\Program Files\Common Files\Microsoft Shared\Windows Live;C:\Program Files (x86)\Common Files\Microsoft Shared\Windows Live;C:\Program Files (x86)\AMD APP SDK 2.9-1\AMD APP SDK\2.9-1\bin\x86_64;C:\Program Files (x86)\AMD APP SDK 2.9-1\AMD APP SDK\2.9-1\bin\x86;C:\Program Files (x86)\AMD APP SDK\2.9-1\bin\x86_64;C:\Program Files (x86)\AMD APP SDK\2.9-1\bin\x86;C:\Program Files (x86)\AMD APP\bin\x86_64;C:\Program Files (x86)\AMD APP\bin\x86;C:\Program Files\Python\;C:\Windows\SYSTEM32;C:\Windows;C:\Windows\SYSTEM32\WBEM;C:\Windows\SYSTEM32\WINDOWSPOWERSHELL\V1.0\;C:\PROGRAM FILES (X86)\ATI TECHNOLOGIES\ATI.ACE\CORE-STATIC;C:\Program Files (x86)\MiKTeX\miktex\bin\;C:\Program Files (x86)\Windows Kits\8.0\Windows Performance Toolkit\;C:\Program Files\Microsoft SQL Server\110\Tools\Binn\;C:\Program Files\OpenVPN\bin;C:\Program Files (x86)\Windows Live\Shared;;C:\Program Files (x86)\eclipse;
USERNAME=Johannes
OS=Windows_NT
PROCESSOR_IDENTIFIER=Intel64 Family 6 Model 23 Stepping 10, GenuineIntel



---------------  S Y S T E M  ---------------

OS: Windows 7 , 64 bit Build 7601 (6.1.7601.18409)

CPU:total 2 (2 cores per cpu, 1 threads per core) family 6 model 23 stepping 10, cmov, cx8, fxsr, mmx, sse, sse2, sse3, ssse3, tsc

Memory: 4k page, physical 4124456k(983052k free), swap 8247056k(4748448k free)

vm_info: Java HotSpot(TM) Client VM (25.40-b25) for windows-x86 JRE (1.8.0_40-b25), built on Feb 10 2015 21:08:16 by "java_re" with MS VC++ 10.0 (VS2010)

time: Sat Apr 25 18:53:35 2015
elapsed time: 8 seconds (0d 0h 0m 8s)

