#
# A fatal error has been detected by the Java Runtime Environment:
#
#  EXCEPTION_ACCESS_VIOLATION (0xc0000005) at pc=0x000000005aaa072f, pid=4756, tid=1916
#
# JRE version: Java(TM) SE Runtime Environment (8.0_45-b14) (build 1.8.0_45-b14)
# Java VM: Java HotSpot(TM) 64-Bit Server VM (25.45-b02 mixed mode windows-amd64 compressed oops)
# Problematic frame:
# C  [atio6axx.dll+0x15072f]
#
# Failed to write core dump. Minidumps are not enabled by default on client versions of Windows
#
# If you would like to submit a bug report, please visit:
#   http://bugreport.java.com/bugreport/crash.jsp
# The crash happened outside the Java Virtual Machine in native code.
# See problematic frame for where to report the bug.
#

---------------  T H R E A D  ---------------

Current thread (0x0000000055e6f000):  JavaThread "AWT-EventQueue-0" [_thread_in_native, id=1916, stack(0x000000005a730000,0x000000005a830000)]

siginfo: ExceptionCode=0xc0000005, reading address 0x0000000000000008

Registers:
RAX=0x0000000000000000, RBX=0x000000005a82b900, RCX=0x0000000000000012, RDX=0x0000000000000000
RSP=0x000000005a82b840, RBP=0x000000005c41cfc0, RSI=0x0000000000001405, RDI=0x000000005a82b930
R8 =0x000000005a82b930, R9 =0x0000000000000000, R10=0x0000000000000002, R11=0x0000000000000012
R12=0x0000000000000000, R13=0x000000005a2cf7d0, R14=0x000000005a82bab8, R15=0x0000000000001405
RIP=0x000000005aaa072f, EFLAGS=0x0000000000010246

Top of Stack: (sp=0x000000005a82b840)
0x000000005a82b840:   000000005c6ba1a0 000000005a2cf7d0
0x000000005a82b850:   000000005cb9de50 000000005b371f6a
0x000000005a82b860:   0000000000000000 000000005ab1280c
0x000000005a82b870:   0000000000000012 0000000000000000
0x000000005a82b880:   000000005c6ba1a0 000000005cc70bf0
0x000000005a82b890:   000000005c6ba1a0 000000005c6ba1a0
0x000000005a82b8a0:   0000000000000004 000000005ab12d81
0x000000005a82b8b0:   000000005c43f128 0000000000000000
0x000000005a82b8c0:   0000000000000012 0000000000001405
0x000000005a82b8d0:   0000000000000000 000000005a82b930
0x000000005a82b8e0:   000000005a82b900 000000005a82bab8
0x000000005a82b8f0:   0000000000000000 0000000000000000
0x000000005a82b900:   0000000000000000 000000005a82ba60
0x000000005a82b910:   0000000000000000 0000000000000004
0x000000005a82b920:   00000000000085b5 000000005ad85abf
0x000000005a82b930:   0000000000000000 000000005c41cfc0 

Instructions: (pc=0x000000005aaa072f)
0x000000005aaa070f:   cc 48 89 5c 24 08 57 48 83 ec 20 49 8b d9 49 8b
0x000000005aaa071f:   f8 44 8b d9 4c 8b ca f6 c2 03 0f 85 e8 02 00 00
0x000000005aaa072f:   f3 41 0f 6f 11 48 8b c2 41 ba 04 00 00 00 48 c1
0x000000005aaa073f:   e8 02 49 8b cb 83 e0 03 4c 2b d0 49 2b ca 48 ff 


Register to memory mapping:

RAX=0x0000000000000000 is an unknown value
RBX=0x000000005a82b900 is pointing into the stack for thread: 0x0000000055e6f000
RCX=0x0000000000000012 is an unknown value
RDX=0x0000000000000000 is an unknown value
RSP=0x000000005a82b840 is pointing into the stack for thread: 0x0000000055e6f000
RBP=0x000000005c41cfc0 is an unknown value
RSI=0x0000000000001405 is an unknown value
RDI=0x000000005a82b930 is pointing into the stack for thread: 0x0000000055e6f000
R8 =0x000000005a82b930 is pointing into the stack for thread: 0x0000000055e6f000
R9 =0x0000000000000000 is an unknown value
R10=0x0000000000000002 is an unknown value
R11=0x0000000000000012 is an unknown value
R12=0x0000000000000000 is an unknown value
R13={method} {0x000000005a2cf7d8} 'dispatch_glDrawElements1' '(IIIJJ)V' in 'jogamp/opengl/gl4/GL4bcImpl'
R14=0x000000005a82bab8 is pointing into the stack for thread: 0x0000000055e6f000
R15=0x0000000000001405 is an unknown value


Stack: [0x000000005a730000,0x000000005a830000],  sp=0x000000005a82b840,  free space=1006k
Native frames: (J=compiled Java code, j=interpreted, Vv=VM code, C=native code)
C  [atio6axx.dll+0x15072f]
C  [atio6axx.dll+0x1c280c]
C  [atio6axx.dll+0x1c2d81]
C  [atio6axx.dll+0x435abf]
C  0x0000000002733874

Java frames: (J=compiled Java code, j=interpreted, Vv=VM code)
j  jogamp.opengl.gl4.GL4bcImpl.dispatch_glDrawElements1(IIIJJ)V+0
j  jogamp.opengl.gl4.GL4bcImpl.glDrawElements(IIIJ)V+53
j  imbacad.model.mesh.TextureMesh.draw(Lcom/jogamp/opengl/GL3;Limbacad/model/shader/Shader;)V+65
j  imbacad.model.DefaultRenderer.display(Lcom/jogamp/opengl/GLAutoDrawable;)V+418
j  jogamp.opengl.GLDrawableHelper.displayImpl(Lcom/jogamp/opengl/GLAutoDrawable;)V+81
j  jogamp.opengl.GLDrawableHelper.display(Lcom/jogamp/opengl/GLAutoDrawable;)V+2
j  com.jogamp.opengl.awt.GLJPanel$Updater.display(Lcom/jogamp/opengl/GLAutoDrawable;)V+200
j  com.jogamp.opengl.awt.GLJPanel$10.run()V+11
j  jogamp.opengl.GLDrawableHelper.invokeGLImpl(Lcom/jogamp/opengl/GLDrawable;Lcom/jogamp/opengl/GLContext;Ljava/lang/Runnable;Ljava/lang/Runnable;)V+203
j  jogamp.opengl.GLDrawableHelper.invokeGL(Lcom/jogamp/opengl/GLDrawable;Lcom/jogamp/opengl/GLContext;Ljava/lang/Runnable;Ljava/lang/Runnable;)V+72
j  com.jogamp.opengl.awt.GLJPanel$OffscreenBackend.doPaintComponent(Ljava/awt/Graphics;)V+29
j  com.jogamp.opengl.awt.GLJPanel.paintComponent(Ljava/awt/Graphics;)V+224
j  javax.swing.JComponent.paint(Ljava/awt/Graphics;)V+286
j  javax.swing.JComponent.paintChildren(Ljava/awt/Graphics;)V+501
j  javax.swing.JComponent.paint(Ljava/awt/Graphics;)V+318
j  javax.swing.JComponent.paintChildren(Ljava/awt/Graphics;)V+501
j  javax.swing.JComponent.paint(Ljava/awt/Graphics;)V+318
j  javax.swing.JComponent.paintChildren(Ljava/awt/Graphics;)V+501
j  javax.swing.JComponent.paint(Ljava/awt/Graphics;)V+318
j  javax.swing.JComponent.paintChildren(Ljava/awt/Graphics;)V+501
j  javax.swing.JComponent.paint(Ljava/awt/Graphics;)V+318
j  javax.swing.JLayeredPane.paint(Ljava/awt/Graphics;)V+73
j  javax.swing.JComponent.paintChildren(Ljava/awt/Graphics;)V+501
j  javax.swing.JComponent.paint(Ljava/awt/Graphics;)V+318
j  javax.swing.JComponent.paintChildren(Ljava/awt/Graphics;)V+501
j  javax.swing.JSplitPane.paintChildren(Ljava/awt/Graphics;)V+2
j  javax.swing.JComponent.paint(Ljava/awt/Graphics;)V+318
j  javax.swing.JComponent.paintToOffscreen(Ljava/awt/Graphics;IIIIII)V+41
j  javax.swing.BufferStrategyPaintManager.paint(Ljavax/swing/JComponent;Ljavax/swing/JComponent;Ljava/awt/Graphics;IIII)Z+164
j  javax.swing.RepaintManager.paint(Ljavax/swing/JComponent;Ljavax/swing/JComponent;Ljava/awt/Graphics;IIII)V+51
j  javax.swing.JComponent._paintImmediately(IIII)V+683
j  javax.swing.JComponent.paintImmediately(IIII)V+138
j  javax.swing.RepaintManager$4.run()Ljava/lang/Void;+81
j  javax.swing.RepaintManager$4.run()Ljava/lang/Object;+1
v  ~StubRoutines::call_stub
j  java.security.AccessController.doPrivileged(Ljava/security/PrivilegedAction;Ljava/security/AccessControlContext;)Ljava/lang/Object;+0
j  java.security.ProtectionDomain$1.doIntersectionPrivilege(Ljava/security/PrivilegedAction;Ljava/security/AccessControlContext;Ljava/security/AccessControlContext;)Ljava/lang/Object;+28
j  javax.swing.RepaintManager.paintDirtyRegions(Ljava/util/Map;)V+154
j  javax.swing.RepaintManager.paintDirtyRegions()V+46
j  javax.swing.RepaintManager.prePaintDirtyRegions()V+73
j  javax.swing.RepaintManager.access$1300(Ljavax/swing/RepaintManager;)V+1
j  javax.swing.RepaintManager$ProcessingRunnable.run()V+37
j  java.awt.event.InvocationEvent.dispatch()V+47
j  java.awt.EventQueue.dispatchEventImpl(Ljava/awt/AWTEvent;Ljava/lang/Object;)V+21
j  java.awt.EventQueue.access$500(Ljava/awt/EventQueue;Ljava/awt/AWTEvent;Ljava/lang/Object;)V+3
j  java.awt.EventQueue$3.run()Ljava/lang/Void;+32
j  java.awt.EventQueue$3.run()Ljava/lang/Object;+1
v  ~StubRoutines::call_stub
j  java.security.AccessController.doPrivileged(Ljava/security/PrivilegedAction;Ljava/security/AccessControlContext;)Ljava/lang/Object;+0
j  java.security.ProtectionDomain$1.doIntersectionPrivilege(Ljava/security/PrivilegedAction;Ljava/security/AccessControlContext;Ljava/security/AccessControlContext;)Ljava/lang/Object;+28
j  java.awt.EventQueue.dispatchEvent(Ljava/awt/AWTEvent;)V+46
j  java.awt.EventDispatchThread.pumpOneEventForFilters(I)V+245
j  java.awt.EventDispatchThread.pumpEventsForFilter(ILjava/awt/Conditional;Ljava/awt/EventFilter;)V+35
j  java.awt.EventDispatchThread.pumpEventsForHierarchy(ILjava/awt/Conditional;Ljava/awt/Component;)V+11
j  java.awt.EventDispatchThread.pumpEvents(ILjava/awt/Conditional;)V+4
j  java.awt.EventDispatchThread.pumpEvents(Ljava/awt/Conditional;)V+3
j  java.awt.EventDispatchThread.run()V+9
v  ~StubRoutines::call_stub

---------------  P R O C E S S  ---------------

Java Threads: ( => current thread )
  0x000000005eade000 JavaThread "D3D Screen Updater" daemon [_thread_blocked, id=4988, stack(0x000000005fd60000,0x000000005fe60000)]
  0x000000005eadd000 JavaThread "DestroyJavaVM" [_thread_blocked, id=4176, stack(0x0000000002350000,0x0000000002450000)]
=>0x0000000055e6f000 JavaThread "AWT-EventQueue-0" [_thread_in_native, id=1916, stack(0x000000005a730000,0x000000005a830000)]
  0x0000000055e6e000 JavaThread "Thread-5" [_thread_blocked, id=3592, stack(0x000000005dae0000,0x000000005dbe0000)]
  0x0000000055e6b000 JavaThread "Thread-4" [_thread_blocked, id=4708, stack(0x000000005d8a0000,0x000000005d9a0000)]
  0x0000000055e69800 JavaThread "Thread-3" [_thread_blocked, id=4000, stack(0x000000005a3c0000,0x000000005a4c0000)]
  0x0000000055e81000 JavaThread "Image Fetcher 1" daemon [_thread_blocked, id=4908, stack(0x000000005d760000,0x000000005d860000)]
  0x00000000599d3000 JavaThread "Image Fetcher 0" daemon [_thread_blocked, id=4484, stack(0x000000005d620000,0x000000005d720000)]
  0x0000000059772800 JavaThread "AWT-Shutdown" [_thread_blocked, id=1088, stack(0x000000005c990000,0x000000005ca90000)]
  0x000000005977f800 JavaThread "main-SharedResourceRunner" daemon [_thread_blocked, id=4720, stack(0x000000005a030000,0x000000005a130000)]
  0x0000000056193800 JavaThread "AWT-Windows" daemon [_thread_in_native, id=3452, stack(0x00000000568e0000,0x00000000569e0000)]
  0x000000005618c000 JavaThread "Java2D Disposer" daemon [_thread_blocked, id=4984, stack(0x0000000056750000,0x0000000056850000)]
  0x0000000055e18800 JavaThread "Service Thread" daemon [_thread_blocked, id=2228, stack(0x0000000056260000,0x0000000056360000)]
  0x0000000054c56800 JavaThread "C1 CompilerThread1" daemon [_thread_blocked, id=4692, stack(0x00000000556b0000,0x00000000557b0000)]
  0x0000000054c49000 JavaThread "C2 CompilerThread0" daemon [_thread_blocked, id=4640, stack(0x0000000011e30000,0x0000000011f30000)]
  0x0000000054c47000 JavaThread "Attach Listener" daemon [_thread_blocked, id=3916, stack(0x0000000055d00000,0x0000000055e00000)]
  0x0000000054c45800 JavaThread "Signal Dispatcher" daemon [_thread_blocked, id=4372, stack(0x0000000055ba0000,0x0000000055ca0000)]
  0x0000000054bec000 JavaThread "Finalizer" daemon [_thread_blocked, id=4796, stack(0x00000000558d0000,0x00000000559d0000)]
  0x0000000054be5000 JavaThread "Reference Handler" daemon [_thread_blocked, id=3800, stack(0x00000000559f0000,0x0000000055af0000)]

Other Threads:
  0x0000000054bdd000 VMThread [stack: 0x00000000557c0000,0x00000000558c0000] [id=2736]
  0x0000000054cab000 WatcherThread [stack: 0x0000000056550000,0x0000000056650000] [id=2296]

VM state:not at safepoint (normal execution)

VM Mutex/Monitor currently owned by a thread: None

Heap:
 PSYoungGen      total 35328K, used 8491K [0x00000000eb000000, 0x00000000ed500000, 0x0000000100000000)
  eden space 32768K, 18% used [0x00000000eb000000,0x00000000eb5ce338,0x00000000ed000000)
  from space 2560K, 99% used [0x00000000ed280000,0x00000000ed4fcaa0,0x00000000ed500000)
  to   space 2560K, 0% used [0x00000000ed000000,0x00000000ed000000,0x00000000ed280000)
 ParOldGen       total 44032K, used 4845K [0x00000000c1000000, 0x00000000c3b00000, 0x00000000eb000000)
  object space 44032K, 11% used [0x00000000c1000000,0x00000000c14bb670,0x00000000c3b00000)
 Metaspace       used 17629K, capacity 17838K, committed 18176K, reserved 1064960K
  class space    used 1931K, capacity 1993K, committed 2048K, reserved 1048576K

Card table byte_map: [0x0000000011ae0000,0x0000000011ce0000] byte_map_base: 0x00000000114d8000

Marking Bits: (ParMarkBitMap*) 0x000000006a824040
 Begin Bits: [0x0000000012130000, 0x00000000130f0000)
 End Bits:   [0x00000000130f0000, 0x00000000140b0000)

Polling page: 0x0000000000330000

CodeCache: size=245760Kb used=4770Kb max_used=4774Kb free=240989Kb
 bounds [0x0000000002720000, 0x0000000002bd0000, 0x0000000011720000]
 total_blobs=2188 nmethods=1317 adapters=785
 compilation: enabled

Compilation events (10 events):
Event: 9.841 Thread 0x0000000054c56800 1327       1       javax.swing.JLabel::getHorizontalAlignment (5 bytes)
Event: 9.842 Thread 0x0000000054c56800 nmethod 1327 0x0000000002bc1a50 code [0x0000000002bc1ba0, 0x0000000002bc1cb0]
Event: 9.842 Thread 0x0000000054c56800 1328       1       javax.swing.JLabel::getVerticalTextPosition (5 bytes)
Event: 9.842 Thread 0x0000000054c56800 nmethod 1328 0x0000000002bc1790 code [0x0000000002bc18e0, 0x0000000002bc19f0]
Event: 9.842 Thread 0x0000000054c56800 1329       1       javax.swing.JLabel::getHorizontalTextPosition (5 bytes)
Event: 9.842 Thread 0x0000000054c56800 nmethod 1329 0x0000000002bc14d0 code [0x0000000002bc1620, 0x0000000002bc1730]
Event: 9.842 Thread 0x0000000054c56800 1330       1       javax.swing.JLabel::getIconTextGap (5 bytes)
Event: 9.842 Thread 0x0000000054c56800 nmethod 1330 0x0000000002bc1210 code [0x0000000002bc1360, 0x0000000002bc1470]
Event: 9.872 Thread 0x0000000054c49000 nmethod 1270 0x0000000002bbead0 code [0x0000000002bbec60, 0x0000000002bbf688]
Event: 9.872 Thread 0x0000000054c49000 1271       4       sun.awt.image.ByteInterleavedRaster::setDataElements (119 bytes)

GC Heap History (8 events):
Event: 3.398 GC heap before
{Heap before GC invocations=1 (full 0):
 PSYoungGen      total 18944K, used 16384K [0x00000000eb000000, 0x00000000ec500000, 0x0000000100000000)
  eden space 16384K, 100% used [0x00000000eb000000,0x00000000ec000000,0x00000000ec000000)
  from space 2560K, 0% used [0x00000000ec280000,0x00000000ec280000,0x00000000ec500000)
  to   space 2560K, 0% used [0x00000000ec000000,0x00000000ec000000,0x00000000ec280000)
 ParOldGen       total 44032K, used 0K [0x00000000c1000000, 0x00000000c3b00000, 0x00000000eb000000)
  object space 44032K, 0% used [0x00000000c1000000,0x00000000c1000000,0x00000000c3b00000)
 Metaspace       used 12969K, capacity 13246K, committed 13568K, reserved 1060864K
  class space    used 1333K, capacity 1409K, committed 1536K, reserved 1048576K
Event: 3.416 GC heap after
Heap after GC invocations=1 (full 0):
 PSYoungGen      total 18944K, used 2533K [0x00000000eb000000, 0x00000000ec500000, 0x0000000100000000)
  eden space 16384K, 0% used [0x00000000eb000000,0x00000000eb000000,0x00000000ec000000)
  from space 2560K, 98% used [0x00000000ec000000,0x00000000ec279480,0x00000000ec280000)
  to   space 2560K, 0% used [0x00000000ec280000,0x00000000ec280000,0x00000000ec500000)
 ParOldGen       total 44032K, used 809K [0x00000000c1000000, 0x00000000c3b00000, 0x00000000eb000000)
  object space 44032K, 1% used [0x00000000c1000000,0x00000000c10ca648,0x00000000c3b00000)
 Metaspace       used 12969K, capacity 13246K, committed 13568K, reserved 1060864K
  class space    used 1333K, capacity 1409K, committed 1536K, reserved 1048576K
}
Event: 4.748 GC heap before
{Heap before GC invocations=2 (full 0):
 PSYoungGen      total 18944K, used 18917K [0x00000000eb000000, 0x00000000ec500000, 0x0000000100000000)
  eden space 16384K, 100% used [0x00000000eb000000,0x00000000ec000000,0x00000000ec000000)
  from space 2560K, 98% used [0x00000000ec000000,0x00000000ec279480,0x00000000ec280000)
  to   space 2560K, 0% used [0x00000000ec280000,0x00000000ec280000,0x00000000ec500000)
 ParOldGen       total 44032K, used 809K [0x00000000c1000000, 0x00000000c3b00000, 0x00000000eb000000)
  object space 44032K, 1% used [0x00000000c1000000,0x00000000c10ca648,0x00000000c3b00000)
 Metaspace       used 13190K, capacity 13374K, committed 13568K, reserved 1060864K
  class space    used 1353K, capacity 1409K, committed 1536K, reserved 1048576K
Event: 4.775 GC heap after
Heap after GC invocations=2 (full 0):
 PSYoungGen      total 18944K, used 2546K [0x00000000eb000000, 0x00000000ed500000, 0x0000000100000000)
  eden space 16384K, 0% used [0x00000000eb000000,0x00000000eb000000,0x00000000ec000000)
  from space 2560K, 99% used [0x00000000ec280000,0x00000000ec4fca90,0x00000000ec500000)
  to   space 2560K, 0% used [0x00000000ec000000,0x00000000ec000000,0x00000000ec280000)
 ParOldGen       total 44032K, used 1874K [0x00000000c1000000, 0x00000000c3b00000, 0x00000000eb000000)
  object space 44032K, 4% used [0x00000000c1000000,0x00000000c11d49e8,0x00000000c3b00000)
 Metaspace       used 13190K, capacity 13374K, committed 13568K, reserved 1060864K
  class space    used 1353K, capacity 1409K, committed 1536K, reserved 1048576K
}
Event: 6.585 GC heap before
{Heap before GC invocations=3 (full 0):
 PSYoungGen      total 18944K, used 18930K [0x00000000eb000000, 0x00000000ed500000, 0x0000000100000000)
  eden space 16384K, 100% used [0x00000000eb000000,0x00000000ec000000,0x00000000ec000000)
  from space 2560K, 99% used [0x00000000ec280000,0x00000000ec4fca90,0x00000000ec500000)
  to   space 2560K, 0% used [0x00000000ec000000,0x00000000ec000000,0x00000000ec280000)
 ParOldGen       total 44032K, used 1874K [0x00000000c1000000, 0x00000000c3b00000, 0x00000000eb000000)
  object space 44032K, 4% used [0x00000000c1000000,0x00000000c11d49e8,0x00000000c3b00000)
 Metaspace       used 16079K, capacity 16360K, committed 16512K, reserved 1064960K
  class space    used 1771K, capacity 1864K, committed 1920K, reserved 1048576K
Event: 6.614 GC heap after
Heap after GC invocations=3 (full 0):
 PSYoungGen      total 18944K, used 2546K [0x00000000eb000000, 0x00000000ed500000, 0x0000000100000000)
  eden space 16384K, 0% used [0x00000000eb000000,0x00000000eb000000,0x00000000ec000000)
  from space 2560K, 99% used [0x00000000ec000000,0x00000000ec27ca90,0x00000000ec280000)
  to   space 2560K, 0% used [0x00000000ed280000,0x00000000ed280000,0x00000000ed500000)
 ParOldGen       total 44032K, used 2654K [0x00000000c1000000, 0x00000000c3b00000, 0x00000000eb000000)
  object space 44032K, 6% used [0x00000000c1000000,0x00000000c1297908,0x00000000c3b00000)
 Metaspace       used 16079K, capacity 16360K, committed 16512K, reserved 1064960K
  class space    used 1771K, capacity 1864K, committed 1920K, reserved 1048576K
}
Event: 8.637 GC heap before
{Heap before GC invocations=4 (full 0):
 PSYoungGen      total 18944K, used 18930K [0x00000000eb000000, 0x00000000ed500000, 0x0000000100000000)
  eden space 16384K, 100% used [0x00000000eb000000,0x00000000ec000000,0x00000000ec000000)
  from space 2560K, 99% used [0x00000000ec000000,0x00000000ec27ca90,0x00000000ec280000)
  to   space 2560K, 0% used [0x00000000ed280000,0x00000000ed280000,0x00000000ed500000)
 ParOldGen       total 44032K, used 2654K [0x00000000c1000000, 0x00000000c3b00000, 0x00000000eb000000)
  object space 44032K, 6% used [0x00000000c1000000,0x00000000c1297908,0x00000000c3b00000)
 Metaspace       used 16347K, capacity 16648K, committed 16768K, reserved 1064960K
  class space    used 1789K, capacity 1896K, committed 1920K, reserved 1048576K
Event: 8.664 GC heap after
Heap after GC invocations=4 (full 0):
 PSYoungGen      total 35328K, used 2546K [0x00000000eb000000, 0x00000000ed500000, 0x0000000100000000)
  eden space 32768K, 0% used [0x00000000eb000000,0x00000000eb000000,0x00000000ed000000)
  from space 2560K, 99% used [0x00000000ed280000,0x00000000ed4fcaa0,0x00000000ed500000)
  to   space 2560K, 0% used [0x00000000ed000000,0x00000000ed000000,0x00000000ed280000)
 ParOldGen       total 44032K, used 4845K [0x00000000c1000000, 0x00000000c3b00000, 0x00000000eb000000)
  object space 44032K, 11% used [0x00000000c1000000,0x00000000c14bb670,0x00000000c3b00000)
 Metaspace       used 16347K, capacity 16648K, committed 16768K, reserved 1064960K
  class space    used 1789K, capacity 1896K, committed 1920K, reserved 1048576K
}

Deoptimization events (10 events):
Event: 0.933 Thread 0x000000000210e000 Uncommon trap: reason=unstable_if action=reinterpret pc=0x00000000028da338 method=java.lang.String.indexOf([CII[CIII)I @ 3
Event: 6.044 Thread 0x000000005977f800 Uncommon trap: reason=unstable_if action=reinterpret pc=0x00000000029dc388 method=java.lang.Class.searchFields([Ljava/lang/reflect/Field;Ljava/lang/String;)Ljava/lang/reflect/Field; @ 20
Event: 6.193 Thread 0x000000000210e000 Uncommon trap: reason=unstable_if action=reinterpret pc=0x00000000029d9ef0 method=java.lang.reflect.AccessibleObject.setAccessible0(Ljava/lang/reflect/AccessibleObject;Z)V @ 4
Event: 6.950 Thread 0x000000000210e000 Uncommon trap: reason=class_check action=maybe_recompile pc=0x00000000028afad8 method=java.lang.String.equals(Ljava/lang/Object;)Z @ 8
Event: 6.950 Thread 0x000000000210e000 Uncommon trap: reason=class_check action=maybe_recompile pc=0x00000000028afad8 method=java.lang.String.equals(Ljava/lang/Object;)Z @ 8
Event: 6.950 Thread 0x000000000210e000 Uncommon trap: reason=class_check action=maybe_recompile pc=0x00000000028afad8 method=java.lang.String.equals(Ljava/lang/Object;)Z @ 8
Event: 6.950 Thread 0x000000000210e000 Uncommon trap: reason=class_check action=maybe_recompile pc=0x00000000028afad8 method=java.lang.String.equals(Ljava/lang/Object;)Z @ 8
Event: 7.927 Thread 0x000000000210e000 Uncommon trap: reason=unstable_if action=reinterpret pc=0x0000000002ad481c method=java.lang.Character.isSurrogate(C)Z @ 3
Event: 7.927 Thread 0x000000000210e000 Uncommon trap: reason=unstable_if action=reinterpret pc=0x0000000002a5c71c method=java.lang.String.toLowerCase(Ljava/util/Locale;)Ljava/lang/String; @ 37
Event: 7.927 Thread 0x000000000210e000 Uncommon trap: reason=unstable_if action=reinterpret pc=0x00000000028e0500 method=java.lang.CharacterData.of(I)Ljava/lang/CharacterData; @ 4

Internal exceptions (10 events):
Event: 0.244 Thread 0x000000000210e000 Exception <a 'java/security/PrivilegedActionException'> (0x00000000eb0e7328) thrown at [C:\re\workspace\8-2-build-windows-amd64-cygwin\jdk8u45\3457\hotspot\src\share\vm\prims\jvm.cpp, line 1382]
Event: 0.251 Thread 0x000000000210e000 Exception <a 'java/io/FileNotFoundException'> (0x00000000eb0e9fc0) thrown at [C:\re\workspace\8-2-build-windows-amd64-cygwin\jdk8u45\3457\hotspot\src\share\vm\prims\jni.cpp, line 709]
Event: 0.315 Thread 0x000000000210e000 Exception <a 'java/io/FileNotFoundException'> (0x00000000eb1621a8) thrown at [C:\re\workspace\8-2-build-windows-amd64-cygwin\jdk8u45\3457\hotspot\src\share\vm\prims\jni.cpp, line 709]
Event: 0.411 Thread 0x000000000210e000 Exception <a 'java/lang/NoSuchFieldError': method resolution failed> (0x00000000eb235c60) thrown at [C:\re\workspace\8-2-build-windows-amd64-cygwin\jdk8u45\3457\hotspot\src\share\vm\prims\methodHandles.cpp, line 1125]
Event: 0.431 Thread 0x000000000210e000 Exception <a 'java/lang/NoSuchFieldError': method resolution failed> (0x00000000eb2446d8) thrown at [C:\re\workspace\8-2-build-windows-amd64-cygwin\jdk8u45\3457\hotspot\src\share\vm\prims\methodHandles.cpp, line 1125]
Event: 0.687 Thread 0x000000000210e000 Implicit null exception at 0x0000000002896152 to 0x0000000002896319
Event: 6.046 Thread 0x000000000210e000 Exception <a 'java/lang/InterruptedException'> (0x00000000ebd18a98) thrown at [C:\re\workspace\8-2-build-windows-amd64-cygwin\jdk8u45\3457\hotspot\src\share\vm\runtime\objectMonitor.cpp, line 1683]
Event: 9.812 Thread 0x0000000055e6f000 Exception <a 'java/lang/ArrayIndexOutOfBoundsException': 0> (0x00000000eb5a06b0) thrown at [C:\re\workspace\8-2-build-windows-amd64-cygwin\jdk8u45\3457\hotspot\src\share\vm\interpreter\interpreterRuntime.cpp, line 366]
Event: 9.813 Thread 0x0000000055e6f000 Exception <a 'com/jogamp/opengl/GLException'> (0x00000000eb5a0b80) thrown at [C:\re\workspace\8-2-build-windows-amd64-cygwin\jdk8u45\3457\hotspot\src\share\vm\prims\jvm.cpp, line 1386]
Event: 9.813 Thread 0x0000000055e6f000 Exception <a 'com/jogamp/opengl/GLException'> (0x00000000eb5a0b80) thrown at [C:\re\workspace\8-2-build-windows-amd64-cygwin\jdk8u45\3457\hotspot\src\share\vm\prims\jvm.cpp, line 1386]

Events (10 events):
Event: 9.821 Executing VM operation: RevokeBias
Event: 9.821 Executing VM operation: RevokeBias done
Event: 9.821 Executing VM operation: RevokeBias
Event: 9.821 Executing VM operation: RevokeBias done
Event: 9.829 loading class imbacad/model/shader/UniformInt
Event: 9.829 loading class imbacad/model/shader/UniformInt done
Event: 9.830 loading class imbacad/model/shader/UniformVec3
Event: 9.830 loading class imbacad/model/shader/UniformVec3 done
Event: 9.831 loading class imbacad/model/shader/UniformFloat
Event: 9.831 loading class imbacad/model/shader/UniformFloat done


Dynamic libraries:
0x000000013f2e0000 - 0x000000013f317000 	C:\Program Files\Java\jre1.8.0_45\bin\javaw.exe
0x00000000779b0000 - 0x0000000077b58000 	C:\Windows\SYSTEM32\ntdll.dll
0x0000000077890000 - 0x00000000779af000 	C:\Windows\system32\kernel32.dll
0x000007fefdab0000 - 0x000007fefdb1c000 	C:\Windows\system32\KERNELBASE.dll
0x000007feffbe0000 - 0x000007feffcbb000 	C:\Windows\system32\ADVAPI32.dll
0x000007fefdba0000 - 0x000007fefdc3f000 	C:\Windows\system32\msvcrt.dll
0x000007fefdb70000 - 0x000007fefdb8f000 	C:\Windows\SYSTEM32\sechost.dll
0x000007fefed10000 - 0x000007fefee3d000 	C:\Windows\system32\RPCRT4.dll
0x0000000077790000 - 0x000000007788a000 	C:\Windows\system32\USER32.dll
0x000007feffa00000 - 0x000007feffa67000 	C:\Windows\system32\GDI32.dll
0x000007fefdb90000 - 0x000007fefdb9e000 	C:\Windows\system32\LPK.dll
0x000007feffa70000 - 0x000007feffb39000 	C:\Windows\system32\USP10.dll
0x000007fefc1e0000 - 0x000007fefc3d4000 	C:\Windows\WinSxS\amd64_microsoft.windows.common-controls_6595b64144ccf1df_6.0.7601.18837_none_fa3b1e3d17594757\COMCTL32.dll
0x000007feff110000 - 0x000007feff181000 	C:\Windows\system32\SHLWAPI.dll
0x000007fefdb20000 - 0x000007fefdb4e000 	C:\Windows\system32\IMM32.DLL
0x000007feff710000 - 0x000007feff819000 	C:\Windows\system32\MSCTF.dll
0x000000006cde0000 - 0x000000006ceb2000 	C:\Program Files\Java\jre1.8.0_45\bin\msvcr100.dll
0x000000006a020000 - 0x000000006a8a3000 	C:\Program Files\Java\jre1.8.0_45\bin\server\jvm.dll
0x000007fefa630000 - 0x000007fefa639000 	C:\Windows\system32\WSOCK32.dll
0x000007fefea60000 - 0x000007fefeaad000 	C:\Windows\system32\WS2_32.dll
0x000007fefea50000 - 0x000007fefea58000 	C:\Windows\system32\NSI.dll
0x000007fefb660000 - 0x000007fefb69b000 	C:\Windows\system32\WINMM.dll
0x000007fefd000000 - 0x000007fefd00c000 	C:\Windows\system32\VERSION.dll
0x0000000077b70000 - 0x0000000077b77000 	C:\Windows\system32\PSAPI.DLL
0x000000006d9e0000 - 0x000000006d9ef000 	C:\Program Files\Java\jre1.8.0_45\bin\verify.dll
0x000000006d290000 - 0x000000006d2b9000 	C:\Program Files\Java\jre1.8.0_45\bin\java.dll
0x000000006d270000 - 0x000000006d286000 	C:\Program Files\Java\jre1.8.0_45\bin\zip.dll
0x000007fefdcc0000 - 0x000007fefea49000 	C:\Windows\system32\SHELL32.dll
0x000007feff460000 - 0x000007feff663000 	C:\Windows\system32\ole32.dll
0x000007fefd770000 - 0x000007fefd77f000 	C:\Windows\system32\profapi.dll
0x000007feeee70000 - 0x000007feeee7a000 	C:\Users\Johannes\git\ImbaCAD\ImbaCAD\javaglm.dll
0x000007fef5f70000 - 0x000007fef6017000 	C:\Windows\system32\MSVCP110.dll
0x000007fef7f00000 - 0x000007fef7fd4000 	C:\Windows\system32\MSVCR110.dll
0x000000006c1f0000 - 0x000000006c388000 	C:\Program Files\Java\jre1.8.0_45\bin\awt.dll
0x000007feff1f0000 - 0x000007feff2c7000 	C:\Windows\system32\OLEAUT32.dll
0x000007fefb6f0000 - 0x000007fefb708000 	C:\Windows\system32\DWMAPI.DLL
0x000007fefd5c0000 - 0x000007fefd5cf000 	C:\Windows\system32\CRYPTBASE.dll
0x000007fee5dd0000 - 0x000007fee5fcf000 	C:\Windows\system32\d3d9.dll
0x000007feeeeb0000 - 0x000007feeeeb7000 	C:\Windows\system32\d3d8thk.dll
0x000007fee5cc0000 - 0x000007fee5dce000 	C:\Windows\system32\aticfx64.dll
0x000007feeee80000 - 0x000007feeee8f000 	C:\Windows\system32\atiu9p64.dll
0x000007fee4e60000 - 0x000007fee558d000 	C:\Windows\system32\atiumd64.dll
0x000000006d2c0000 - 0x000000006d6de000 	C:\Windows\system32\atiumd6a.dll
0x000007fefcc60000 - 0x000007fefcc78000 	C:\Windows\system32\CRYPTSP.dll
0x000007fefc960000 - 0x000007fefc9a7000 	C:\Windows\system32\rsaenh.dll
0x000007fefda40000 - 0x000007fefda5e000 	C:\Windows\system32\USERENV.dll
0x000000006d250000 - 0x000000006d26a000 	C:\Program Files\Java\jre1.8.0_45\bin\net.dll
0x000007fefcc00000 - 0x000007fefcc55000 	C:\Windows\system32\mswsock.dll
0x000007fefcbf0000 - 0x000007fefcbf7000 	C:\Windows\System32\wship6.dll
0x000007fefb510000 - 0x000007fefb537000 	C:\Windows\system32\IPHLPAPI.DLL
0x000007fefb4c0000 - 0x000007fefb4cb000 	C:\Windows\system32\WINNSI.DLL
0x000007fefb310000 - 0x000007fefb328000 	C:\Windows\system32\dhcpcsvc.DLL
0x000007fefb170000 - 0x000007fefb181000 	C:\Windows\system32\dhcpcsvc6.DLL
0x000000006cfd0000 - 0x000000006cfe1000 	C:\Program Files\Java\jre1.8.0_45\bin\nio.dll
0x000007fefd560000 - 0x000007fefd5b7000 	C:\Windows\system32\apphelp.dll
0x00000000637c0000 - 0x00000000637cd000 	C:\Users\Johannes\AppData\Local\Temp\jogamp_0000\file_cache\jln2712003462178439863\jln4245563891712090541\gluegen-rt.dll
0x000000006d9b0000 - 0x000000006d9b7000 	C:\Program Files\Java\jre1.8.0_45\bin\jawt.dll
0x0000000002070000 - 0x000000000207d000 	C:\Users\Johannes\AppData\Local\Temp\jogamp_0000\file_cache\jln2712003462178439863\jln4245563891712090541\nativewindow_awt.dll
0x000000006c100000 - 0x000000006c10f000 	C:\Users\Johannes\AppData\Local\Temp\jogamp_0000\file_cache\jln2712003462178439863\jln4245563891712090541\nativewindow_win32.dll
0x000007fee5700000 - 0x000007fee581d000 	C:\Windows\system32\OpenGL32.dll
0x000007feee7d0000 - 0x000007feee7fd000 	C:\Windows\system32\GLU32.dll
0x000007fee5840000 - 0x000007fee5931000 	C:\Windows\system32\DDRAW.dll
0x000007fefac90000 - 0x000007fefac98000 	C:\Windows\system32\DCIMAN32.dll
0x000007feff820000 - 0x000007feff9f7000 	C:\Windows\system32\SETUPAPI.dll
0x000007fefd780000 - 0x000007fefd7b6000 	C:\Windows\system32\CFGMGR32.dll
0x000007fefda70000 - 0x000007fefda8a000 	C:\Windows\system32\DEVOBJ.dll
0x0000000064500000 - 0x00000000645ae000 	C:\Users\Johannes\AppData\Local\Temp\jogamp_0000\file_cache\jln2712003462178439863\jln4245563891712090541\jogl_desktop.dll
0x0000000064340000 - 0x00000000643a0000 	C:\Users\Johannes\AppData\Local\Temp\jogamp_0000\file_cache\jln2712003462178439863\jln4245563891712090541\jogl_mobile.dll
0x000007feeee60000 - 0x000007feeee69000 	C:\Windows\system32\atig6pxx.dll
0x000000005a950000 - 0x000000005c2a8000 	C:\Windows\system32\atio6axx.dll
0x000007fefa640000 - 0x000007fefa6d0000 	C:\Windows\system32\atiadlxx.dll
0x000007fefcfe0000 - 0x000007fefcff1000 	C:\Windows\system32\WTSAPI32.dll
0x000007fefd7d0000 - 0x000007fefd80b000 	C:\Windows\system32\WINTRUST.dll
0x000007fefd810000 - 0x000007fefd97d000 	C:\Windows\system32\CRYPT32.dll
0x000007fefd760000 - 0x000007fefd76f000 	C:\Windows\system32\MSASN1.dll
0x000007feeee20000 - 0x000007feeee2e000 	C:\Windows\system32\atig6txx.dll
0x000000006cd90000 - 0x000000006cdd7000 	C:\Program Files\Java\jre1.8.0_45\bin\fontmanager.dll
0x000007feff670000 - 0x000007feff709000 	C:\Windows\system32\CLBCatQ.DLL
0x000007fefb000000 - 0x000007fefb161000 	C:\Windows\system32\WindowsCodecs.dll
0x0000000072490000 - 0x0000000072555000 	C:\Program Files\AVAST Software\Avast\ashShA64.dll
0x000007fefb9d0000 - 0x000007fefbbe6000 	C:\Windows\WinSxS\amd64_microsoft.windows.gdiplus_6595b64144ccf1df_1.1.7601.18852_none_2b28839e71e973ae\gdiplus.dll
0x000007fef8d90000 - 0x000007fef90ae000 	C:\Windows\system32\msi.dll
0x000007fef8640000 - 0x000007fef864f000 	C:\Windows\system32\AcSignIcon.dll
0x000007fef8010000 - 0x000007fef8575000 	C:\Windows\system32\mfc110u.dll
0x000007fefbcd0000 - 0x000007fefbd26000 	C:\Windows\system32\UxTheme.dll
0x000007fef9110000 - 0x000007fef9145000 	C:\Windows\system32\EhStorShell.dll
0x000007fefbe60000 - 0x000007fefbf8c000 	C:\Windows\system32\PROPSYS.dll
0x000007fef8bb0000 - 0x000007fef8c30000 	C:\Windows\system32\ntshrui.dll
0x000007fefd450000 - 0x000007fefd473000 	C:\Windows\system32\srvcli.dll
0x000007fef91b0000 - 0x000007fef91bf000 	C:\Windows\system32\cscapi.dll
0x000007fefb6e0000 - 0x000007fefb6eb000 	C:\Windows\system32\slc.dll
0x000000006c1a0000 - 0x000000006c1e1000 	C:\Program Files\Java\jre1.8.0_45\bin\t2k.dll
0x000000006c160000 - 0x000000006c191000 	C:\Program Files\Java\jre1.8.0_45\bin\jpeg.dll
0x000007feee020000 - 0x000007feee145000 	C:\Windows\system32\dbghelp.dll

VM Arguments:
jvm_args: -Dfile.encoding=Cp1252 
java_command: imbacad.ImbaCAD
java_class_path (initial): C:\Users\Johannes\git\ImbaCAD\ImbaCAD\bin;C:\Program Files (x86)\jogamp-all-platforms\jar\gluegen-rt.jar;C:\Program Files (x86)\jogamp-all-platforms\jar\jogl-all.jar
Launcher Type: SUN_STANDARD

Environment Variables:
PATH=C:/Program Files/Java/jre1.8.0_45/bin/server;C:/Program Files/Java/jre1.8.0_45/bin;C:/Program Files/Java/jre1.8.0_45/lib/amd64;C:\ProgramData\Oracle\Java\javapath;C:\Program Files\Common Files\Microsoft Shared\Windows Live;C:\Program Files (x86)\Common Files\Microsoft Shared\Windows Live;C:\Program Files (x86)\AMD APP SDK 2.9-1\AMD APP SDK\2.9-1\bin\x86_64;C:\Program Files (x86)\AMD APP SDK 2.9-1\AMD APP SDK\2.9-1\bin\x86;C:\Program Files (x86)\AMD APP SDK\2.9-1\bin\x86_64;C:\Program Files (x86)\AMD APP SDK\2.9-1\bin\x86;C:\Program Files\Python\;C:\Windows\SYSTEM32;C:\Windows;C:\Windows\SYSTEM32\WBEM;C:\Windows\SYSTEM32\WINDOWSPOWERSHELL\V1.0\;C:\PROGRAM FILES (X86)\ATI TECHNOLOGIES\ATI.ACE\CORE-STATIC;C:\Program Files (x86)\MiKTeX\miktex\bin\;C:\Program Files (x86)\Windows Kits\8.0\Windows Performance Toolkit\;C:\Program Files\Microsoft SQL Server\110\Tools\Binn\;C:\Program Files\OpenVPN\bin;C:\Program Files (x86)\Windows Live\Shared;C:\Program Files\Java\jdk1.8.0_45\bin;C:\Program Files (x86)\CMake\bin;C:\Program Files (x86)\doxygen\bin; ;C:\Program Files (x86)\eclipse;
USERNAME=Johannes
OS=Windows_NT
PROCESSOR_IDENTIFIER=Intel64 Family 6 Model 23 Stepping 10, GenuineIntel



---------------  S Y S T E M  ---------------

OS: Windows 7 , 64 bit Build 7601 (6.1.7601.18847)

CPU:total 2 (2 cores per cpu, 1 threads per core) family 6 model 23 stepping 10, cmov, cx8, fxsr, mmx, sse, sse2, sse3, ssse3, tsc

Memory: 4k page, physical 4124456k(1359024k free), swap 8247060k(3229048k free)

vm_info: Java HotSpot(TM) 64-Bit Server VM (25.45-b02) for windows-amd64 JRE (1.8.0_45-b14), built on Apr 10 2015 10:34:15 by "java_re" with MS VC++ 10.0 (VS2010)

time: Tue Dec 01 23:35:27 2015
elapsed time: 9 seconds (0d 0h 0m 9s)

