#
# A fatal error has been detected by the Java Runtime Environment:
#
#  EXCEPTION_ACCESS_VIOLATION (0xc0000005) at pc=0x000000005aa088f0, pid=2100, tid=4848
#
# JRE version: Java(TM) SE Runtime Environment (8.0_45-b14) (build 1.8.0_45-b14)
# Java VM: Java HotSpot(TM) 64-Bit Server VM (25.45-b02 mixed mode windows-amd64 compressed oops)
# Problematic frame:
# C  [atio6axx.dll+0x2788f0]
#
# Failed to write core dump. Minidumps are not enabled by default on client versions of Windows
#
# If you would like to submit a bug report, please visit:
#   http://bugreport.java.com/bugreport/crash.jsp
# The crash happened outside the Java Virtual Machine in native code.
# See problematic frame for where to report the bug.
#

---------------  T H R E A D  ---------------

Current thread (0x00000000599fd000):  JavaThread "AWT-EventQueue-0" [_thread_in_native, id=4848, stack(0x000000005d600000,0x000000005d700000)]

siginfo: ExceptionCode=0xc0000005, reading address 0x0000000000000000

Registers:
RAX=0x0000000000000018, RBX=0x000000005ddad000, RCX=0x000000005ddad000, RDX=0x0000000000000000
RSP=0x000000005d6fa6a8, RBP=0x0000000000000000, RSI=0x000000005c27f168, RDI=0x000000005c25cec0
R8 =0x000000005ddad018, R9 =0x000000005ddad011, R10=0x00000000023bf5e0, R11=0x000000005d6fa610
R12=0x0000000000000000, R13=0x000000005c25d5f0, R14=0x0000000000000006, R15=0x0000000000000018
RIP=0x000000005aa088f0, EFLAGS=0x0000000000010293

Top of Stack: (sp=0x000000005d6fa6a8)
0x000000005d6fa6a8:   000000005a983c27 0000000000000000
0x000000005d6fa6b8:   000000005c25cec0 000000005c27f168
0x000000005d6fa6c8:   000000000000001b 000000005c25cf00
0x000000005d6fa6d8:   000000005a97d4b5 0000000000000000
0x000000005d6fa6e8:   0000000000000000 0000000000000000
0x000000005d6fa6f8:   0000000000000006 000000005c25cf00
0x000000005d6fa708:   000000005a985b69 000000005c27f168
0x000000005d6fa718:   0000000000000000 0000000000000000
0x000000005d6fa728:   000000005c25cf60 000000005c25df50
0x000000005d6fa738:   000000005c25cf00 0000000000000001
0x000000005d6fa748:   000000005a9c6211 000000005c46b570
0x000000005d6fa758:   0000000000000019 0000000600000019
0x000000005d6fa768:   000000005c25cf58 000000005c25cf60
0x000000005d6fa778:   0000000300000006 0000000003000000
0x000000005d6fa788:   0000000000000898 0000000300000000
0x000000005d6fa798:   3f80000000000000 3f8000003f800000 

Instructions: (pc=0x000000005aa088f0)
0x000000005aa088d0:   44 8b c0 3d 00 02 00 00 76 05 e9 91 78 ed ff 4c
0x000000005aa088e0:   03 c1 4d 8d 48 f9 49 3b c9 73 19 0f 1f 44 00 00
0x000000005aa088f0:   48 8b 02 48 83 c1 08 48 83 c2 08 48 89 41 f8 49
0x000000005aa08900:   3b c9 72 ec 4d 8d 48 fd 49 3b c9 73 15 0f 1f 00 


Register to memory mapping:

RAX=0x0000000000000018 is an unknown value
RBX=0x000000005ddad000 is an unknown value
RCX=0x000000005ddad000 is an unknown value
RDX=0x0000000000000000 is an unknown value
RSP=0x000000005d6fa6a8 is pointing into the stack for thread: 0x00000000599fd000
RBP=0x0000000000000000 is an unknown value
RSI=0x000000005c27f168 is an unknown value
RDI=0x000000005c25cec0 is an unknown value
R8 =0x000000005ddad018 is an unknown value
R9 =0x000000005ddad011 is an unknown value
R10=0x00000000023bf5e0 is an unknown value
R11=0x000000005d6fa610 is pointing into the stack for thread: 0x00000000599fd000
R12=0x0000000000000000 is an unknown value
R13=0x000000005c25d5f0 is an unknown value
R14=0x0000000000000006 is an unknown value
R15=0x0000000000000018 is an unknown value


Stack: [0x000000005d600000,0x000000005d700000],  sp=0x000000005d6fa6a8,  free space=1001k
Native frames: (J=compiled Java code, j=interpreted, Vv=VM code, C=native code)

Java frames: (J=compiled Java code, j=interpreted, Vv=VM code)
j  jogamp.opengl.gl4.GL4bcImpl.dispatch_glDrawElements1(IIIJJ)V+0
j  jogamp.opengl.gl4.GL4bcImpl.glDrawElements(IIIJ)V+53
j  imbacad.model.Mesh.drawPoints(Lcom/jogamp/opengl/GLAutoDrawable;I)V+35
j  imbacad.model.DefaultRenderer.display(Lcom/jogamp/opengl/GLAutoDrawable;)V+439
j  jogamp.opengl.GLDrawableHelper.displayImpl(Lcom/jogamp/opengl/GLAutoDrawable;)V+81
j  jogamp.opengl.GLDrawableHelper.display(Lcom/jogamp/opengl/GLAutoDrawable;)V+2
j  com.jogamp.opengl.awt.GLJPanel$Updater.display(Lcom/jogamp/opengl/GLAutoDrawable;)V+200
j  com.jogamp.opengl.awt.GLJPanel$10.run()V+11
j  jogamp.opengl.GLDrawableHelper.invokeGLImpl(Lcom/jogamp/opengl/GLDrawable;Lcom/jogamp/opengl/GLContext;Ljava/lang/Runnable;Ljava/lang/Runnable;)V+203
j  jogamp.opengl.GLDrawableHelper.invokeGL(Lcom/jogamp/opengl/GLDrawable;Lcom/jogamp/opengl/GLContext;Ljava/lang/Runnable;Ljava/lang/Runnable;)V+72
j  com.jogamp.opengl.awt.GLJPanel$OffscreenBackend.doPaintComponent(Ljava/awt/Graphics;)V+29
j  com.jogamp.opengl.awt.GLJPanel.paintComponent(Ljava/awt/Graphics;)V+224
j  javax.swing.JComponent.paint(Ljava/awt/Graphics;)V+286
j  javax.swing.JComponent.paintChildren(Ljava/awt/Graphics;)V+501
j  javax.swing.JComponent.paint(Ljava/awt/Graphics;)V+318
j  javax.swing.JComponent.paintChildren(Ljava/awt/Graphics;)V+501
j  javax.swing.JComponent.paint(Ljava/awt/Graphics;)V+318
j  javax.swing.JComponent.paintChildren(Ljava/awt/Graphics;)V+501
j  javax.swing.JComponent.paint(Ljava/awt/Graphics;)V+318
j  javax.swing.JComponent.paintChildren(Ljava/awt/Graphics;)V+501
j  javax.swing.JComponent.paint(Ljava/awt/Graphics;)V+318
j  javax.swing.JLayeredPane.paint(Ljava/awt/Graphics;)V+73
j  javax.swing.JComponent.paintChildren(Ljava/awt/Graphics;)V+501
j  javax.swing.JComponent.paint(Ljava/awt/Graphics;)V+318
j  javax.swing.JComponent.paintChildren(Ljava/awt/Graphics;)V+501
j  javax.swing.JSplitPane.paintChildren(Ljava/awt/Graphics;)V+2
j  javax.swing.JComponent.paint(Ljava/awt/Graphics;)V+318
j  javax.swing.JComponent.paintChildren(Ljava/awt/Graphics;)V+501
j  javax.swing.JSplitPane.paintChildren(Ljava/awt/Graphics;)V+2
j  javax.swing.JComponent.paint(Ljava/awt/Graphics;)V+318
j  javax.swing.JComponent.paintChildren(Ljava/awt/Graphics;)V+501
j  javax.swing.JSplitPane.paintChildren(Ljava/awt/Graphics;)V+2
j  javax.swing.JComponent.paint(Ljava/awt/Graphics;)V+318
j  javax.swing.JComponent.paintChildren(Ljava/awt/Graphics;)V+501
j  javax.swing.JComponent.paint(Ljava/awt/Graphics;)V+318
j  javax.swing.JComponent.paintChildren(Ljava/awt/Graphics;)V+501
j  javax.swing.JComponent.paint(Ljava/awt/Graphics;)V+318
j  javax.swing.JComponent.paintChildren(Ljava/awt/Graphics;)V+501
j  javax.swing.JComponent.paint(Ljava/awt/Graphics;)V+318
j  javax.swing.JLayeredPane.paint(Ljava/awt/Graphics;)V+73
j  javax.swing.JComponent.paintChildren(Ljava/awt/Graphics;)V+501
j  javax.swing.JComponent.paintToOffscreen(Ljava/awt/Graphics;IIIIII)V+72
j  javax.swing.BufferStrategyPaintManager.paint(Ljavax/swing/JComponent;Ljavax/swing/JComponent;Ljava/awt/Graphics;IIII)Z+164
j  javax.swing.RepaintManager.paint(Ljavax/swing/JComponent;Ljavax/swing/JComponent;Ljava/awt/Graphics;IIII)V+51
j  javax.swing.JComponent.paint(Ljava/awt/Graphics;)V+221
j  java.awt.GraphicsCallback$PaintCallback.run(Ljava/awt/Component;Ljava/awt/Graphics;)V+2
j  sun.awt.SunGraphicsCallback.runOneComponent(Ljava/awt/Component;Ljava/awt/Rectangle;Ljava/awt/Graphics;Ljava/awt/Shape;I)V+155
j  sun.awt.SunGraphicsCallback.runComponents([Ljava/awt/Component;Ljava/awt/Graphics;I)V+194
j  java.awt.Container.paint(Ljava/awt/Graphics;)V+58
j  java.awt.Window.paint(Ljava/awt/Graphics;)V+68
j  javax.swing.RepaintManager$4.run()Ljava/lang/Void;+142
j  javax.swing.RepaintManager$4.run()Ljava/lang/Object;+1
v  ~StubRoutines::call_stub
j  java.security.AccessController.doPrivileged(Ljava/security/PrivilegedAction;Ljava/security/AccessControlContext;)Ljava/lang/Object;+0
j  java.security.ProtectionDomain$1.doIntersectionPrivilege(Ljava/security/PrivilegedAction;Ljava/security/AccessControlContext;Ljava/security/AccessControlContext;)Ljava/lang/Object;+28
j  javax.swing.RepaintManager.paintDirtyRegions(Ljava/util/Map;)V+154
j  javax.swing.RepaintManager.paintDirtyRegions()V+46
j  javax.swing.RepaintManager.prePaintDirtyRegions()V+73
j  javax.swing.RepaintManager.access$1300(Ljavax/swing/RepaintManager;)V+1
j  javax.swing.RepaintManager$ProcessingRunnable.run()V+37
j  java.awt.event.InvocationEvent.dispatch()V+47
j  java.awt.EventQueue.dispatchEventImpl(Ljava/awt/AWTEvent;Ljava/lang/Object;)V+21
j  java.awt.EventQueue.access$500(Ljava/awt/EventQueue;Ljava/awt/AWTEvent;Ljava/lang/Object;)V+3
j  java.awt.EventQueue$3.run()Ljava/lang/Void;+32
j  java.awt.EventQueue$3.run()Ljava/lang/Object;+1
v  ~StubRoutines::call_stub
j  java.security.AccessController.doPrivileged(Ljava/security/PrivilegedAction;Ljava/security/AccessControlContext;)Ljava/lang/Object;+0
j  java.security.ProtectionDomain$1.doIntersectionPrivilege(Ljava/security/PrivilegedAction;Ljava/security/AccessControlContext;Ljava/security/AccessControlContext;)Ljava/lang/Object;+28
j  java.awt.EventQueue.dispatchEvent(Ljava/awt/AWTEvent;)V+46
j  java.awt.EventDispatchThread.pumpOneEventForFilters(I)V+245
j  java.awt.EventDispatchThread.pumpEventsForFilter(ILjava/awt/Conditional;Ljava/awt/EventFilter;)V+35
j  java.awt.EventDispatchThread.pumpEventsForHierarchy(ILjava/awt/Conditional;Ljava/awt/Component;)V+11
j  java.awt.EventDispatchThread.pumpEvents(ILjava/awt/Conditional;)V+4
j  java.awt.EventDispatchThread.pumpEvents(Ljava/awt/Conditional;)V+3
j  java.awt.EventDispatchThread.run()V+9
v  ~StubRoutines::call_stub

---------------  P R O C E S S  ---------------

Java Threads: ( => current thread )
  0x000000005e679800 JavaThread "D3D Screen Updater" daemon [_thread_blocked, id=2088, stack(0x000000005f7e0000,0x000000005f8e0000)]
  0x000000005e679000 JavaThread "DestroyJavaVM" [_thread_blocked, id=2796, stack(0x00000000023f0000,0x00000000024f0000)]
=>0x00000000599fd000 JavaThread "AWT-EventQueue-0" [_thread_in_native, id=4848, stack(0x000000005d600000,0x000000005d700000)]
  0x00000000599fb800 JavaThread "Thread-5" [_thread_blocked, id=3008, stack(0x000000005a500000,0x000000005a600000)]
  0x00000000599f1800 JavaThread "Thread-4" [_thread_blocked, id=1380, stack(0x000000005c7a0000,0x000000005c8a0000)]
  0x000000005617a000 JavaThread "Thread-3" [_thread_blocked, id=4168, stack(0x000000005d500000,0x000000005d600000)]
  0x0000000056183000 JavaThread "Image Fetcher 1" daemon [_thread_blocked, id=2296, stack(0x000000005d100000,0x000000005d200000)]
  0x00000000562c1000 JavaThread "Image Fetcher 0" daemon [_thread_blocked, id=4908, stack(0x0000000058b30000,0x0000000058c30000)]
  0x00000000562be800 JavaThread "AWT-Shutdown" [_thread_blocked, id=3684, stack(0x0000000056930000,0x0000000056a30000)]
  0x0000000059a7a800 JavaThread "main-SharedResourceRunner" daemon [_thread_blocked, id=4072, stack(0x0000000059f20000,0x000000005a020000)]
  0x000000005635c000 JavaThread "AWT-Windows" daemon [_thread_in_native, id=5000, stack(0x0000000056b60000,0x0000000056c60000)]
  0x0000000056363000 JavaThread "Java2D Disposer" daemon [_thread_blocked, id=4316, stack(0x00000000566f0000,0x00000000567f0000)]
  0x0000000055fe0800 JavaThread "Service Thread" daemon [_thread_blocked, id=4164, stack(0x0000000055b60000,0x0000000055c60000)]
  0x0000000054be2800 JavaThread "C1 CompilerThread1" daemon [_thread_blocked, id=4392, stack(0x0000000055ed0000,0x0000000055fd0000)]
  0x0000000054bd9000 JavaThread "C2 CompilerThread0" daemon [_thread_blocked, id=4892, stack(0x0000000055d50000,0x0000000055e50000)]
  0x0000000054bd7000 JavaThread "Attach Listener" daemon [_thread_blocked, id=4940, stack(0x00000000556d0000,0x00000000557d0000)]
  0x0000000054bd5800 JavaThread "Signal Dispatcher" daemon [_thread_blocked, id=4224, stack(0x0000000055a60000,0x0000000055b60000)]
  0x0000000054b7c000 JavaThread "Finalizer" daemon [_thread_blocked, id=4932, stack(0x0000000055930000,0x0000000055a30000)]
  0x0000000054b75000 JavaThread "Reference Handler" daemon [_thread_blocked, id=1956, stack(0x00000000557f0000,0x00000000558f0000)]

Other Threads:
  0x0000000054b6d000 VMThread [stack: 0x0000000055580000,0x0000000055680000] [id=4780]
  0x0000000055fe1000 WatcherThread [stack: 0x00000000564d0000,0x00000000565d0000] [id=3624]

VM state:not at safepoint (normal execution)

VM Mutex/Monitor currently owned by a thread: None

Heap:
 PSYoungGen      total 35328K, used 6762K [0x00000000eb000000, 0x00000000ed500000, 0x0000000100000000)
  eden space 32768K, 12% used [0x00000000eb000000,0x00000000eb422978,0x00000000ed000000)
  from space 2560K, 98% used [0x00000000ed280000,0x00000000ed4f8030,0x00000000ed500000)
  to   space 2560K, 0% used [0x00000000ed000000,0x00000000ed000000,0x00000000ed280000)
 ParOldGen       total 44032K, used 4831K [0x00000000c1000000, 0x00000000c3b00000, 0x00000000eb000000)
  object space 44032K, 10% used [0x00000000c1000000,0x00000000c14b7e68,0x00000000c3b00000)
 Metaspace       used 17108K, capacity 17326K, committed 17664K, reserved 1064960K
  class space    used 1852K, capacity 1929K, committed 2048K, reserved 1048576K

Card table byte_map: [0x0000000011b80000,0x0000000011d80000] byte_map_base: 0x0000000011578000

Marking Bits: (ParMarkBitMap*) 0x000000006bbc4040
 Begin Bits: [0x00000000120c0000, 0x0000000013080000)
 End Bits:   [0x0000000013080000, 0x0000000014040000)

Polling page: 0x0000000000320000

CodeCache: size=245760Kb used=4464Kb max_used=4475Kb free=241295Kb
 bounds [0x00000000027c0000, 0x0000000002c30000, 0x00000000117c0000]
 total_blobs=2124 nmethods=1259 adapters=779
 compilation: enabled

Compilation events (10 events):
Event: 9.121 Thread 0x0000000054be2800 nmethod 1285 0x0000000002c19cd0 code [0x0000000002c19f20, 0x0000000002c1afd8]
Event: 9.122 Thread 0x0000000054be2800 1286       3       sun.java2d.loops.OpaqueCopyArgbToAny::Blit (232 bytes)
Event: 9.123 Thread 0x0000000054be2800 nmethod 1286 0x0000000002c1bb50 code [0x0000000002c1bda0, 0x0000000002c1cd18]
Event: 9.127 Thread 0x0000000054bd9000 nmethod 1278 0x0000000002c20d10 code [0x0000000002c20ea0, 0x0000000002c21798]
Event: 9.127 Thread 0x0000000054bd9000 1270       4       java.awt.image.ComponentColorModel::extractComponent (530 bytes)
Event: 9.136 Thread 0x0000000054bd9000 nmethod 1270 0x0000000002c1f450 code [0x0000000002c1f600, 0x0000000002c1fad8]
Event: 9.136 Thread 0x0000000054bd9000 1269       4       java.awt.image.ComponentColorModel::getRGBComponent (111 bytes)
Event: 9.138 Thread 0x0000000054bd9000 nmethod 1269 0x0000000002c07b90 code [0x0000000002c07ce0, 0x0000000002c07da8]
Event: 9.138 Thread 0x0000000054bd9000 1279       4       sun.awt.image.ByteInterleavedRaster::setDataElements (119 bytes)
Event: 9.147 Thread 0x0000000054bd9000 nmethod 1279 0x0000000002c14410 code [0x0000000002c14560, 0x0000000002c14858]

GC Heap History (8 events):
Event: 3.539 GC heap before
{Heap before GC invocations=1 (full 0):
 PSYoungGen      total 18944K, used 16384K [0x00000000eb000000, 0x00000000ec500000, 0x0000000100000000)
  eden space 16384K, 100% used [0x00000000eb000000,0x00000000ec000000,0x00000000ec000000)
  from space 2560K, 0% used [0x00000000ec280000,0x00000000ec280000,0x00000000ec500000)
  to   space 2560K, 0% used [0x00000000ec000000,0x00000000ec000000,0x00000000ec280000)
 ParOldGen       total 44032K, used 0K [0x00000000c1000000, 0x00000000c3b00000, 0x00000000eb000000)
  object space 44032K, 0% used [0x00000000c1000000,0x00000000c1000000,0x00000000c3b00000)
 Metaspace       used 12957K, capacity 13182K, committed 13568K, reserved 1060864K
  class space    used 1332K, capacity 1409K, committed 1536K, reserved 1048576K
Event: 3.557 GC heap after
Heap after GC invocations=1 (full 0):
 PSYoungGen      total 18944K, used 2541K [0x00000000eb000000, 0x00000000ec500000, 0x0000000100000000)
  eden space 16384K, 0% used [0x00000000eb000000,0x00000000eb000000,0x00000000ec000000)
  from space 2560K, 99% used [0x00000000ec000000,0x00000000ec27b4c8,0x00000000ec280000)
  to   space 2560K, 0% used [0x00000000ec280000,0x00000000ec280000,0x00000000ec500000)
 ParOldGen       total 44032K, used 809K [0x00000000c1000000, 0x00000000c3b00000, 0x00000000eb000000)
  object space 44032K, 1% used [0x00000000c1000000,0x00000000c10ca648,0x00000000c3b00000)
 Metaspace       used 12957K, capacity 13182K, committed 13568K, reserved 1060864K
  class space    used 1332K, capacity 1409K, committed 1536K, reserved 1048576K
}
Event: 4.968 GC heap before
{Heap before GC invocations=2 (full 0):
 PSYoungGen      total 18944K, used 18925K [0x00000000eb000000, 0x00000000ec500000, 0x0000000100000000)
  eden space 16384K, 100% used [0x00000000eb000000,0x00000000ec000000,0x00000000ec000000)
  from space 2560K, 99% used [0x00000000ec000000,0x00000000ec27b4c8,0x00000000ec280000)
  to   space 2560K, 0% used [0x00000000ec280000,0x00000000ec280000,0x00000000ec500000)
 ParOldGen       total 44032K, used 809K [0x00000000c1000000, 0x00000000c3b00000, 0x00000000eb000000)
  object space 44032K, 1% used [0x00000000c1000000,0x00000000c10ca648,0x00000000c3b00000)
 Metaspace       used 13182K, capacity 13374K, committed 13568K, reserved 1060864K
  class space    used 1352K, capacity 1409K, committed 1536K, reserved 1048576K
Event: 4.995 GC heap after
Heap after GC invocations=2 (full 0):
 PSYoungGen      total 18944K, used 2546K [0x00000000eb000000, 0x00000000ed500000, 0x0000000100000000)
  eden space 16384K, 0% used [0x00000000eb000000,0x00000000eb000000,0x00000000ec000000)
  from space 2560K, 99% used [0x00000000ec280000,0x00000000ec4fca90,0x00000000ec500000)
  to   space 2560K, 0% used [0x00000000ec000000,0x00000000ec000000,0x00000000ec280000)
 ParOldGen       total 44032K, used 1871K [0x00000000c1000000, 0x00000000c3b00000, 0x00000000eb000000)
  object space 44032K, 4% used [0x00000000c1000000,0x00000000c11d3e18,0x00000000c3b00000)
 Metaspace       used 13182K, capacity 13374K, committed 13568K, reserved 1060864K
  class space    used 1352K, capacity 1409K, committed 1536K, reserved 1048576K
}
Event: 6.857 GC heap before
{Heap before GC invocations=3 (full 0):
 PSYoungGen      total 18944K, used 18930K [0x00000000eb000000, 0x00000000ed500000, 0x0000000100000000)
  eden space 16384K, 100% used [0x00000000eb000000,0x00000000ec000000,0x00000000ec000000)
  from space 2560K, 99% used [0x00000000ec280000,0x00000000ec4fca90,0x00000000ec500000)
  to   space 2560K, 0% used [0x00000000ec000000,0x00000000ec000000,0x00000000ec280000)
 ParOldGen       total 44032K, used 1871K [0x00000000c1000000, 0x00000000c3b00000, 0x00000000eb000000)
  object space 44032K, 4% used [0x00000000c1000000,0x00000000c11d3e18,0x00000000c3b00000)
 Metaspace       used 15575K, capacity 15816K, committed 16128K, reserved 1062912K
  class space    used 1690K, capacity 1768K, committed 1792K, reserved 1048576K
Event: 6.878 GC heap after
Heap after GC invocations=3 (full 0):
 PSYoungGen      total 18944K, used 2546K [0x00000000eb000000, 0x00000000ed500000, 0x0000000100000000)
  eden space 16384K, 0% used [0x00000000eb000000,0x00000000eb000000,0x00000000ec000000)
  from space 2560K, 99% used [0x00000000ec000000,0x00000000ec27cab0,0x00000000ec280000)
  to   space 2560K, 0% used [0x00000000ed280000,0x00000000ed280000,0x00000000ed500000)
 ParOldGen       total 44032K, used 2914K [0x00000000c1000000, 0x00000000c3b00000, 0x00000000eb000000)
  object space 44032K, 6% used [0x00000000c1000000,0x00000000c12d89b8,0x00000000c3b00000)
 Metaspace       used 15575K, capacity 15816K, committed 16128K, reserved 1062912K
  class space    used 1690K, capacity 1768K, committed 1792K, reserved 1048576K
}
Event: 8.523 GC heap before
{Heap before GC invocations=4 (full 0):
 PSYoungGen      total 18944K, used 18930K [0x00000000eb000000, 0x00000000ed500000, 0x0000000100000000)
  eden space 16384K, 100% used [0x00000000eb000000,0x00000000ec000000,0x00000000ec000000)
  from space 2560K, 99% used [0x00000000ec000000,0x00000000ec27cab0,0x00000000ec280000)
  to   space 2560K, 0% used [0x00000000ed280000,0x00000000ed280000,0x00000000ed500000)
 ParOldGen       total 44032K, used 2914K [0x00000000c1000000, 0x00000000c3b00000, 0x00000000eb000000)
  object space 44032K, 6% used [0x00000000c1000000,0x00000000c12d89b8,0x00000000c3b00000)
 Metaspace       used 16494K, capacity 16750K, committed 17024K, reserved 1064960K
  class space    used 1785K, capacity 1865K, committed 1920K, reserved 1048576K
Event: 8.586 GC heap after
Heap after GC invocations=4 (full 0):
 PSYoungGen      total 35328K, used 2528K [0x00000000eb000000, 0x00000000ed500000, 0x0000000100000000)
  eden space 32768K, 0% used [0x00000000eb000000,0x00000000eb000000,0x00000000ed000000)
  from space 2560K, 98% used [0x00000000ed280000,0x00000000ed4f8030,0x00000000ed500000)
  to   space 2560K, 0% used [0x00000000ed000000,0x00000000ed000000,0x00000000ed280000)
 ParOldGen       total 44032K, used 4831K [0x00000000c1000000, 0x00000000c3b00000, 0x00000000eb000000)
  object space 44032K, 10% used [0x00000000c1000000,0x00000000c14b7e68,0x00000000c3b00000)
 Metaspace       used 16494K, capacity 16750K, committed 17024K, reserved 1064960K
  class space    used 1785K, capacity 1865K, committed 1920K, reserved 1048576K
}

Deoptimization events (10 events):
Event: 6.402 Thread 0x0000000059a7a800 Uncommon trap: reason=unstable_if action=reinterpret pc=0x0000000002a87a48 method=java.lang.Class.searchFields([Ljava/lang/reflect/Field;Ljava/lang/String;)Ljava/lang/reflect/Field; @ 20
Event: 6.525 Thread 0x000000000212e000 Uncommon trap: reason=unstable_if action=reinterpret pc=0x0000000002a855b0 method=java.lang.reflect.AccessibleObject.setAccessible0(Ljava/lang/reflect/AccessibleObject;Z)V @ 4
Event: 7.040 Thread 0x000000000212e000 Uncommon trap: reason=class_check action=maybe_recompile pc=0x0000000002957958 method=java.lang.String.equals(Ljava/lang/Object;)Z @ 8
Event: 7.040 Thread 0x000000000212e000 Uncommon trap: reason=class_check action=maybe_recompile pc=0x0000000002957958 method=java.lang.String.equals(Ljava/lang/Object;)Z @ 8
Event: 7.040 Thread 0x000000000212e000 Uncommon trap: reason=class_check action=maybe_recompile pc=0x0000000002957958 method=java.lang.String.equals(Ljava/lang/Object;)Z @ 8
Event: 7.040 Thread 0x000000000212e000 Uncommon trap: reason=class_check action=maybe_recompile pc=0x0000000002957958 method=java.lang.String.equals(Ljava/lang/Object;)Z @ 8
Event: 7.530 Thread 0x000000000212e000 Uncommon trap: reason=unstable_if action=reinterpret pc=0x0000000002b5e2dc method=java.lang.Character.isSurrogate(C)Z @ 3
Event: 7.530 Thread 0x000000000212e000 Uncommon trap: reason=unstable_if action=reinterpret pc=0x0000000002ae9de0 method=java.lang.String.toLowerCase(Ljava/util/Locale;)Ljava/lang/String; @ 37
Event: 7.530 Thread 0x000000000212e000 Uncommon trap: reason=unstable_if action=reinterpret pc=0x0000000002985600 method=java.lang.CharacterData.of(I)Ljava/lang/CharacterData; @ 4
Event: 9.117 Thread 0x00000000599fd000 Uncommon trap: reason=unstable_if action=reinterpret pc=0x0000000002c07994 method=sun.awt.image.ByteInterleavedRaster.getDataElements(IILjava/lang/Object;)Ljava/lang/Object; @ 43

Internal exceptions (10 events):
Event: 0.372 Thread 0x000000000212e000 Exception <a 'java/security/PrivilegedActionException'> (0x00000000eb0e2318) thrown at [C:\re\workspace\8-2-build-windows-amd64-cygwin\jdk8u45\3457\hotspot\src\share\vm\prims\jvm.cpp, line 1382]
Event: 0.374 Thread 0x000000000212e000 Exception <a 'java/security/PrivilegedActionException'> (0x00000000eb0e5e10) thrown at [C:\re\workspace\8-2-build-windows-amd64-cygwin\jdk8u45\3457\hotspot\src\share\vm\prims\jvm.cpp, line 1382]
Event: 0.374 Thread 0x000000000212e000 Exception <a 'java/security/PrivilegedActionException'> (0x00000000eb0e5fc8) thrown at [C:\re\workspace\8-2-build-windows-amd64-cygwin\jdk8u45\3457\hotspot\src\share\vm\prims\jvm.cpp, line 1382]
Event: 0.384 Thread 0x000000000212e000 Exception <a 'java/io/FileNotFoundException'> (0x00000000eb0e8c60) thrown at [C:\re\workspace\8-2-build-windows-amd64-cygwin\jdk8u45\3457\hotspot\src\share\vm\prims\jni.cpp, line 709]
Event: 0.463 Thread 0x000000000212e000 Exception <a 'java/io/FileNotFoundException'> (0x00000000eb15b380) thrown at [C:\re\workspace\8-2-build-windows-amd64-cygwin\jdk8u45\3457\hotspot\src\share\vm\prims\jni.cpp, line 709]
Event: 0.566 Thread 0x000000000212e000 Exception <a 'java/lang/NoSuchFieldError': method resolution failed> (0x00000000eb22f160) thrown at [C:\re\workspace\8-2-build-windows-amd64-cygwin\jdk8u45\3457\hotspot\src\share\vm\prims\methodHandles.cpp, line 1125]
Event: 0.584 Thread 0x000000000212e000 Exception <a 'java/lang/NoSuchFieldError': method resolution failed> (0x00000000eb23dbe8) thrown at [C:\re\workspace\8-2-build-windows-amd64-cygwin\jdk8u45\3457\hotspot\src\share\vm\prims\methodHandles.cpp, line 1125]
Event: 0.845 Thread 0x000000000212e000 Implicit null exception at 0x0000000002946452 to 0x0000000002946619
Event: 6.404 Thread 0x000000000212e000 Exception <a 'java/lang/InterruptedException'> (0x00000000ebd1ba38) thrown at [C:\re\workspace\8-2-build-windows-amd64-cygwin\jdk8u45\3457\hotspot\src\share\vm\runtime\objectMonitor.cpp, line 1683]
Event: 9.117 Thread 0x00000000599fd000 Implicit null exception at 0x0000000002c07738 to 0x0000000002c07979

Events (10 events):
Event: 9.112 loading class com/sun/imageio/plugins/bmp/BMPImageReader done
Event: 9.113 loading class com/sun/imageio/plugins/bmp/BMPMetadata
Event: 9.113 loading class javax/imageio/metadata/IIOMetadata
Event: 9.113 loading class javax/imageio/metadata/IIOMetadata done
Event: 9.113 loading class com/sun/imageio/plugins/bmp/BMPMetadata done
Event: 9.114 loading class com/sun/imageio/plugins/common/ImageUtil
Event: 9.114 loading class com/sun/imageio/plugins/common/ImageUtil done
Event: 9.117 Thread 0x00000000599fd000 Uncommon trap: trap_request=0xffffff65 fr.pc=0x0000000002c07994
Event: 9.117 Thread 0x00000000599fd000 DEOPT PACKING pc=0x0000000002c07994 sp=0x000000005d6fa220
Event: 9.117 Thread 0x00000000599fd000 DEOPT UNPACKING pc=0x000000000280556a sp=0x000000005d6fa1d0 mode 2


Dynamic libraries:
0x000000013f3c0000 - 0x000000013f3f7000 	C:\Program Files\Java\jre1.8.0_45\bin\javaw.exe
0x0000000077540000 - 0x00000000776e8000 	C:\Windows\SYSTEM32\ntdll.dll
0x0000000077320000 - 0x000000007743f000 	C:\Windows\system32\kernel32.dll
0x000007fefd330000 - 0x000007fefd39c000 	C:\Windows\system32\KERNELBASE.dll
0x000007fefd6b0000 - 0x000007fefd78b000 	C:\Windows\system32\ADVAPI32.dll
0x000007feff2a0000 - 0x000007feff33f000 	C:\Windows\system32\msvcrt.dll
0x000007fefec50000 - 0x000007fefec6f000 	C:\Windows\SYSTEM32\sechost.dll
0x000007fefd840000 - 0x000007fefd96d000 	C:\Windows\system32\RPCRT4.dll
0x0000000077440000 - 0x000000007753a000 	C:\Windows\system32\USER32.dll
0x000007feff550000 - 0x000007feff5b7000 	C:\Windows\system32\GDI32.dll
0x000007fefd830000 - 0x000007fefd83e000 	C:\Windows\system32\LPK.dll
0x000007feff340000 - 0x000007feff409000 	C:\Windows\system32\USP10.dll
0x000007fefbd70000 - 0x000007fefbf64000 	C:\Windows\WinSxS\amd64_microsoft.windows.common-controls_6595b64144ccf1df_6.0.7601.18837_none_fa3b1e3d17594757\COMCTL32.dll
0x000007feff220000 - 0x000007feff291000 	C:\Windows\system32\SHLWAPI.dll
0x000007feff520000 - 0x000007feff54e000 	C:\Windows\system32\IMM32.DLL
0x000007feff410000 - 0x000007feff519000 	C:\Windows\system32\MSCTF.dll
0x000000006aba0000 - 0x000000006ac72000 	C:\Program Files\Java\jre1.8.0_45\bin\msvcr100.dll
0x000000006b3c0000 - 0x000000006bc43000 	C:\Program Files\Java\jre1.8.0_45\bin\server\jvm.dll
0x000007fefa170000 - 0x000007fefa179000 	C:\Windows\system32\WSOCK32.dll
0x000007fefed50000 - 0x000007fefed9d000 	C:\Windows\system32\WS2_32.dll
0x000007fefefe0000 - 0x000007fefefe8000 	C:\Windows\system32\NSI.dll
0x000007fefb2f0000 - 0x000007fefb32b000 	C:\Windows\system32\WINMM.dll
0x000007fefcb70000 - 0x000007fefcb7c000 	C:\Windows\system32\VERSION.dll
0x0000000077700000 - 0x0000000077707000 	C:\Windows\system32\PSAPI.DLL
0x0000000074c70000 - 0x0000000074c7f000 	C:\Program Files\Java\jre1.8.0_45\bin\verify.dll
0x0000000074aa0000 - 0x0000000074ac9000 	C:\Program Files\Java\jre1.8.0_45\bin\java.dll
0x0000000074bb0000 - 0x0000000074bc6000 	C:\Program Files\Java\jre1.8.0_45\bin\zip.dll
0x000007fefd970000 - 0x000007fefe6f9000 	C:\Windows\system32\SHELL32.dll
0x000007feff640000 - 0x000007feff843000 	C:\Windows\system32\ole32.dll
0x000007fefd2f0000 - 0x000007fefd2ff000 	C:\Windows\system32\profapi.dll
0x000007fefab40000 - 0x000007fefab4a000 	C:\Users\Johannes\git\ImbaCAD\ImbaCAD\javaglm.dll
0x000007fee5d20000 - 0x000007fee5dc7000 	C:\Windows\system32\MSVCP110.dll
0x000007fee4e80000 - 0x000007fee4f54000 	C:\Windows\system32\MSVCR110.dll
0x000000006aa00000 - 0x000000006ab98000 	C:\Program Files\Java\jre1.8.0_45\bin\awt.dll
0x000007fefec70000 - 0x000007fefed47000 	C:\Windows\system32\OLEAUT32.dll
0x000007fefaf10000 - 0x000007fefaf28000 	C:\Windows\system32\DWMAPI.DLL
0x000007fefd150000 - 0x000007fefd15f000 	C:\Windows\system32\CRYPTBASE.dll
0x000007fee67d0000 - 0x000007fee69cf000 	C:\Windows\system32\d3d9.dll
0x000007feeec30000 - 0x000007feeec37000 	C:\Windows\system32\d3d8thk.dll
0x000007fee64e0000 - 0x000007fee65ee000 	C:\Windows\system32\aticfx64.dll
0x000007feee4c0000 - 0x000007feee4cf000 	C:\Windows\system32\atiu9p64.dll
0x000007fee5510000 - 0x000007fee5c3d000 	C:\Windows\system32\atiumd64.dll
0x000000006bc50000 - 0x000000006c06e000 	C:\Windows\system32\atiumd6a.dll
0x000007fefc7f0000 - 0x000007fefc808000 	C:\Windows\system32\CRYPTSP.dll
0x000007fefc4f0000 - 0x000007fefc537000 	C:\Windows\system32\rsaenh.dll
0x000007fefd650000 - 0x000007fefd66e000 	C:\Windows\system32\USERENV.dll
0x0000000074a80000 - 0x0000000074a9a000 	C:\Program Files\Java\jre1.8.0_45\bin\net.dll
0x000007fefc790000 - 0x000007fefc7e5000 	C:\Windows\system32\mswsock.dll
0x000007fefc780000 - 0x000007fefc787000 	C:\Windows\System32\wship6.dll
0x000007fefb1e0000 - 0x000007fefb207000 	C:\Windows\system32\IPHLPAPI.DLL
0x000007fefb140000 - 0x000007fefb14b000 	C:\Windows\system32\WINNSI.DLL
0x000007fefaef0000 - 0x000007fefaf08000 	C:\Windows\system32\dhcpcsvc.DLL
0x000007fefaec0000 - 0x000007fefaed1000 	C:\Windows\system32\dhcpcsvc6.DLL
0x0000000074a60000 - 0x0000000074a71000 	C:\Program Files\Java\jre1.8.0_45\bin\nio.dll
0x000007fefd0f0000 - 0x000007fefd147000 	C:\Windows\system32\apphelp.dll
0x00000000637c0000 - 0x00000000637cd000 	C:\Users\Johannes\AppData\Local\Temp\jogamp_0000\file_cache\jln5331838167973924688\jln5166793111036271745\gluegen-rt.dll
0x0000000071860000 - 0x0000000071867000 	C:\Program Files\Java\jre1.8.0_45\bin\jawt.dll
0x000000006a440000 - 0x000000006a44d000 	C:\Users\Johannes\AppData\Local\Temp\jogamp_0000\file_cache\jln5331838167973924688\jln5166793111036271745\nativewindow_awt.dll
0x000000006c100000 - 0x000000006c10f000 	C:\Users\Johannes\AppData\Local\Temp\jogamp_0000\file_cache\jln5331838167973924688\jln5166793111036271745\nativewindow_win32.dll
0x000007fee4140000 - 0x000007fee425d000 	C:\Windows\system32\OpenGL32.dll
0x000007fefa0c0000 - 0x000007fefa0ed000 	C:\Windows\system32\GLU32.dll
0x000007fee4040000 - 0x000007fee4131000 	C:\Windows\system32\DDRAW.dll
0x000007fefab30000 - 0x000007fefab38000 	C:\Windows\system32\DCIMAN32.dll
0x000007fefee00000 - 0x000007fefefd7000 	C:\Windows\system32\SETUPAPI.dll
0x000007fefd670000 - 0x000007fefd6a6000 	C:\Windows\system32\CFGMGR32.dll
0x000007fefd630000 - 0x000007fefd64a000 	C:\Windows\system32\DEVOBJ.dll
0x0000000064500000 - 0x00000000645ae000 	C:\Users\Johannes\AppData\Local\Temp\jogamp_0000\file_cache\jln5331838167973924688\jln5166793111036271745\jogl_desktop.dll
0x0000000064340000 - 0x00000000643a0000 	C:\Users\Johannes\AppData\Local\Temp\jogamp_0000\file_cache\jln5331838167973924688\jln5166793111036271745\jogl_mobile.dll
0x000007fefa3b0000 - 0x000007fefa3b9000 	C:\Windows\system32\atig6pxx.dll
0x000000005a790000 - 0x000000005c0e8000 	C:\Windows\system32\atio6axx.dll
0x000007fefa180000 - 0x000007fefa210000 	C:\Windows\system32\atiadlxx.dll
0x000007fefcb80000 - 0x000007fefcb91000 	C:\Windows\system32\WTSAPI32.dll
0x000007fefd5b0000 - 0x000007fefd5eb000 	C:\Windows\system32\WINTRUST.dll
0x000007fefd3a0000 - 0x000007fefd50d000 	C:\Windows\system32\CRYPT32.dll
0x000007fefd300000 - 0x000007fefd30f000 	C:\Windows\system32\MSASN1.dll
0x000007feef380000 - 0x000007feef38e000 	C:\Windows\system32\atig6txx.dll
0x000000006b2f0000 - 0x000000006b337000 	C:\Program Files\Java\jre1.8.0_45\bin\fontmanager.dll
0x000007fefd790000 - 0x000007fefd829000 	C:\Windows\system32\CLBCatQ.DLL
0x000007fefa6e0000 - 0x000007fefa841000 	C:\Windows\system32\WindowsCodecs.dll
0x0000000073200000 - 0x00000000732c5000 	C:\Program Files\AVAST Software\Avast\ashShA64.dll
0x000007fefb640000 - 0x000007fefb856000 	C:\Windows\WinSxS\amd64_microsoft.windows.gdiplus_6595b64144ccf1df_1.1.7601.18852_none_2b28839e71e973ae\gdiplus.dll
0x000007fef8df0000 - 0x000007fef910e000 	C:\Windows\system32\msi.dll
0x000007fef8db0000 - 0x000007fef8de5000 	C:\Windows\system32\EhStorShell.dll
0x000007fefbaa0000 - 0x000007fefbbcc000 	C:\Windows\system32\PROPSYS.dll
0x000007fef8cd0000 - 0x000007fef8d50000 	C:\Windows\system32\ntshrui.dll
0x000007fefcde0000 - 0x000007fefce03000 	C:\Windows\system32\srvcli.dll
0x000007fefa270000 - 0x000007fefa27f000 	C:\Windows\system32\cscapi.dll
0x000007fefb330000 - 0x000007fefb33b000 	C:\Windows\system32\slc.dll
0x000000006a9b0000 - 0x000000006a9f1000 	C:\Program Files\Java\jre1.8.0_45\bin\t2k.dll
0x000000006a970000 - 0x000000006a9a1000 	C:\Program Files\Java\jre1.8.0_45\bin\jpeg.dll
0x000007feee5c0000 - 0x000007feee6e5000 	C:\Windows\system32\dbghelp.dll

VM Arguments:
jvm_args: -Dfile.encoding=Cp1252 
java_command: imbacad.ImbaCAD
java_class_path (initial): C:\Users\Johannes\git\ImbaCAD\ImbaCAD\bin;C:\Program Files (x86)\jogamp-all-platforms\jar\gluegen-rt.jar;C:\Program Files (x86)\jogamp-all-platforms\jar\jogl-all.jar
Launcher Type: SUN_STANDARD

Environment Variables:
PATH=C:/Program Files/Java/jre1.8.0_45/bin/server;C:/Program Files/Java/jre1.8.0_45/bin;C:/Program Files/Java/jre1.8.0_45/lib/amd64;C:\ProgramData\Oracle\Java\javapath;C:\Program Files\Common Files\Microsoft Shared\Windows Live;C:\Program Files (x86)\Common Files\Microsoft Shared\Windows Live;C:\Program Files (x86)\AMD APP SDK 2.9-1\AMD APP SDK\2.9-1\bin\x86_64;C:\Program Files (x86)\AMD APP SDK 2.9-1\AMD APP SDK\2.9-1\bin\x86;C:\Program Files (x86)\AMD APP SDK\2.9-1\bin\x86_64;C:\Program Files (x86)\AMD APP SDK\2.9-1\bin\x86;C:\Program Files\Python\;C:\Windows\SYSTEM32;C:\Windows;C:\Windows\SYSTEM32\WBEM;C:\Windows\SYSTEM32\WINDOWSPOWERSHELL\V1.0\;C:\PROGRAM FILES (X86)\ATI TECHNOLOGIES\ATI.ACE\CORE-STATIC;C:\Program Files (x86)\MiKTeX\miktex\bin\;C:\Program Files (x86)\Windows Kits\8.0\Windows Performance Toolkit\;C:\Program Files\Microsoft SQL Server\110\Tools\Binn\;C:\Program Files\OpenVPN\bin;C:\Program Files (x86)\Windows Live\Shared;C:\Program Files\Java\jdk1.8.0_45\bin; ;C:\Program Files (x86)\eclipse;
USERNAME=Johannes
OS=Windows_NT
PROCESSOR_IDENTIFIER=Intel64 Family 6 Model 23 Stepping 10, GenuineIntel



---------------  S Y S T E M  ---------------

OS: Windows 7 , 64 bit Build 7601 (6.1.7601.18847)

CPU:total 2 (2 cores per cpu, 1 threads per core) family 6 model 23 stepping 10, cmov, cx8, fxsr, mmx, sse, sse2, sse3, ssse3, tsc

Memory: 4k page, physical 4124456k(1649672k free), swap 8247060k(5417412k free)

vm_info: Java HotSpot(TM) 64-Bit Server VM (25.45-b02) for windows-amd64 JRE (1.8.0_45-b14), built on Apr 10 2015 10:34:15 by "java_re" with MS VC++ 10.0 (VS2010)

time: Mon Oct 26 22:04:03 2015
elapsed time: 9 seconds (0d 0h 0m 9s)

